<?xml version="1.0" encoding="UTF-8"?>
<coverage generated="1737852444445" clover="3.2.0">
  <project timestamp="1737852444445" name="All files">
    <metrics statements="280" coveredstatements="87" conditionals="127" coveredconditionals="21" methods="68" coveredmethods="12" elements="475" coveredelements="120" complexity="0" loc="280" ncloc="280" packages="9" files="23" classes="23"/>
    <package name="server">
      <metrics statements="19" coveredstatements="16" conditionals="4" coveredconditionals="2" methods="3" coveredmethods="1"/>
      <file name="app.js" path="C:\Users\hp\Documents\Ecomerce_website_with_deepseek-R1-4\server\app.js">
        <metrics statements="19" coveredstatements="16" conditionals="4" coveredconditionals="2" methods="3" coveredmethods="1"/>
        <line num="12" count="7" type="stmt"/>
        <line num="15" count="7" type="cond" truecount="1" falsecount="1"/>
        <line num="17" count="7" type="stmt"/>
        <line num="19" count="7" type="stmt"/>
        <line num="22" count="7" type="stmt"/>
        <line num="23" count="7" type="stmt"/>
        <line num="24" count="7" type="stmt"/>
        <line num="27" count="7" type="stmt"/>
        <line num="33" count="7" type="stmt"/>
        <line num="34" count="7" type="stmt"/>
        <line num="35" count="7" type="stmt"/>
        <line num="38" count="7" type="stmt"/>
        <line num="40" count="7" type="stmt"/>
        <line num="41" count="7" type="stmt"/>
        <line num="45" count="7" type="stmt"/>
        <line num="48" count="7" type="cond" truecount="1" falsecount="1"/>
        <line num="49" count="0" type="stmt"/>
        <line num="50" count="0" type="stmt"/>
        <line num="51" count="0" type="stmt"/>
      </file>
    </package>
    <package name="server.config">
      <metrics statements="12" coveredstatements="6" conditionals="8" coveredconditionals="3" methods="3" coveredmethods="2"/>
      <file name="di.js" path="C:\Users\hp\Documents\Ecomerce_website_with_deepseek-R1-4\server\config\di.js">
        <metrics statements="7" coveredstatements="2" conditionals="4" coveredconditionals="1" methods="3" coveredmethods="2"/>
        <line num="13" count="7" type="cond" truecount="1" falsecount="1"/>
        <line num="16" count="0" type="stmt"/>
        <line num="17" count="0" type="stmt"/>
        <line num="18" count="0" type="stmt"/>
        <line num="21" count="0" type="stmt"/>
        <line num="43" count="0" type="cond" truecount="0" falsecount="2"/>
        <line num="47" count="7" type="stmt"/>
      </file>
      <file name="env.js" path="C:\Users\hp\Documents\Ecomerce_website_with_deepseek-R1-4\server\config\env.js">
        <metrics statements="5" coveredstatements="4" conditionals="4" coveredconditionals="2" methods="0" coveredmethods="0"/>
        <line num="5" count="7" type="stmt"/>
        <line num="7" count="7" type="stmt"/>
        <line num="45" count="7" type="stmt"/>
        <line num="47" count="7" type="cond" truecount="1" falsecount="1"/>
        <line num="48" count="0" type="stmt"/>
      </file>
    </package>
    <package name="server.lib">
      <metrics statements="24" coveredstatements="18" conditionals="16" coveredconditionals="5" methods="11" coveredmethods="5"/>
      <file name="logger.js" path="C:\Users\hp\Documents\Ecomerce_website_with_deepseek-R1-4\server\lib\logger.js">
        <metrics statements="11" coveredstatements="10" conditionals="10" coveredconditionals="3" methods="3" coveredmethods="2"/>
        <line num="5" count="7" type="stmt"/>
        <line num="8" count="7" type="stmt"/>
        <line num="12" count="0" type="stmt"/>
        <line num="26" count="7" type="stmt"/>
        <line num="42" count="7" type="stmt"/>
        <line num="43" count="16" type="stmt"/>
        <line num="44" count="16" type="stmt"/>
        <line num="46" count="16" type="stmt"/>
        <line num="56" count="16" type="stmt"/>
        <line num="57" count="16" type="stmt"/>
        <line num="67" count="16" type="stmt"/>
      </file>
      <file name="redis.js" path="C:\Users\hp\Documents\Ecomerce_website_with_deepseek-R1-4\server\lib\redis.js">
        <metrics statements="10" coveredstatements="5" conditionals="6" coveredconditionals="2" methods="8" coveredmethods="3"/>
        <line num="4" count="7" type="cond" truecount="1" falsecount="1"/>
        <line num="6" count="7" type="stmt"/>
        <line num="7" count="7" type="stmt"/>
        <line num="8" count="13" type="stmt"/>
        <line num="15" count="7" type="cond" truecount="1" falsecount="1"/>
        <line num="16" count="0" type="stmt"/>
        <line num="17" count="0" type="stmt"/>
        <line num="18" count="0" type="stmt"/>
        <line num="19" count="0" type="stmt"/>
        <line num="20" count="0" type="stmt"/>
      </file>
      <file name="swagger.js" path="C:\Users\hp\Documents\Ecomerce_website_with_deepseek-R1-4\server\lib\swagger.js">
        <metrics statements="3" coveredstatements="3" conditionals="0" coveredconditionals="0" methods="0" coveredmethods="0"/>
        <line num="5" count="7" type="stmt"/>
        <line num="27" count="7" type="stmt"/>
        <line num="29" count="7" type="stmt"/>
      </file>
    </package>
    <package name="server.lib.errors">
      <metrics statements="8" coveredstatements="0" conditionals="1" coveredconditionals="0" methods="3" coveredmethods="0"/>
      <file name="AppError.js" path="C:\Users\hp\Documents\Ecomerce_website_with_deepseek-R1-4\server\lib\errors\AppError.js">
        <metrics statements="8" coveredstatements="0" conditionals="1" coveredconditionals="0" methods="3" coveredmethods="0"/>
        <line num="4" count="0" type="stmt"/>
        <line num="5" count="0" type="stmt"/>
        <line num="6" count="0" type="stmt"/>
        <line num="7" count="0" type="stmt"/>
        <line num="13" count="0" type="stmt"/>
        <line num="14" count="0" type="stmt"/>
        <line num="20" count="0" type="stmt"/>
        <line num="21" count="0" type="stmt"/>
      </file>
    </package>
    <package name="server.middlewares">
      <metrics statements="42" coveredstatements="17" conditionals="26" coveredconditionals="8" methods="7" coveredmethods="2"/>
      <file name="auth.js" path="C:\Users\hp\Documents\Ecomerce_website_with_deepseek-R1-4\server\middlewares\auth.js">
        <metrics statements="23" coveredstatements="3" conditionals="10" coveredconditionals="0" methods="5" coveredmethods="0"/>
        <line num="13" count="7" type="stmt"/>
        <line num="14" count="0" type="stmt"/>
        <line num="16" count="0" type="cond" truecount="0" falsecount="2"/>
        <line num="17" count="0" type="stmt"/>
        <line num="20" count="0" type="stmt"/>
        <line num="22" count="0" type="stmt"/>
        <line num="23" count="0" type="stmt"/>
        <line num="24" count="0" type="stmt"/>
        <line num="28" count="0" type="cond" truecount="0" falsecount="2"/>
        <line num="29" count="0" type="stmt"/>
        <line num="32" count="0" type="stmt"/>
        <line num="33" count="0" type="stmt"/>
        <line num="35" count="0" type="stmt"/>
        <line num="42" count="7" type="stmt"/>
        <line num="43" count="0" type="stmt"/>
        <line num="44" count="0" type="cond" truecount="0" falsecount="2"/>
        <line num="45" count="0" type="stmt"/>
        <line num="48" count="0" type="stmt"/>
        <line num="55" count="7" type="stmt"/>
        <line num="56" count="0" type="stmt"/>
        <line num="57" count="0" type="cond" truecount="0" falsecount="4"/>
        <line num="58" count="0" type="stmt"/>
        <line num="61" count="0" type="stmt"/>
      </file>
      <file name="errorHandler.js" path="C:\Users\hp\Documents\Ecomerce_website_with_deepseek-R1-4\server\middlewares\errorHandler.js">
        <metrics statements="6" coveredstatements="6" conditionals="10" coveredconditionals="6" methods="1" coveredmethods="1"/>
        <line num="6" count="7" type="cond" truecount="1" falsecount="1"/>
        <line num="8" count="7" type="stmt"/>
        <line num="9" count="16" type="stmt"/>
        <line num="18" count="16" type="cond" truecount="1" falsecount="1"/>
        <line num="19" count="16" type="stmt"/>
        <line num="30" count="16" type="stmt"/>
      </file>
      <file name="rateLimiter.js" path="C:\Users\hp\Documents\Ecomerce_website_with_deepseek-R1-4\server\middlewares\rateLimiter.js">
        <metrics statements="13" coveredstatements="8" conditionals="6" coveredconditionals="2" methods="1" coveredmethods="1"/>
        <line num="5" count="7" type="stmt"/>
        <line num="6" count="7" type="stmt"/>
        <line num="8" count="7" type="stmt"/>
        <line num="9" count="16" type="cond" truecount="1" falsecount="1"/>
        <line num="10" count="16" type="stmt"/>
        <line num="12" count="16" type="stmt"/>
        <line num="13" count="16" type="cond" truecount="1" falsecount="1"/>
        <line num="15" count="0" type="cond" truecount="0" falsecount="2"/>
        <line num="16" count="0" type="stmt"/>
        <line num="19" count="0" type="stmt"/>
        <line num="24" count="0" type="stmt"/>
        <line num="29" count="0" type="stmt"/>
        <line num="31" count="16" type="stmt"/>
      </file>
    </package>
    <package name="server.models">
      <metrics statements="33" coveredstatements="17" conditionals="14" coveredconditionals="3" methods="10" coveredmethods="2"/>
      <file name="Order.js" path="C:\Users\hp\Documents\Ecomerce_website_with_deepseek-R1-4\server\models\Order.js">
        <metrics statements="9" coveredstatements="4" conditionals="6" coveredconditionals="0" methods="2" coveredmethods="0"/>
        <line num="4" count="7" type="stmt"/>
        <line num="61" count="7" type="stmt"/>
        <line num="62" count="0" type="stmt"/>
        <line num="70" count="7" type="stmt"/>
        <line num="71" count="0" type="cond" truecount="0" falsecount="4"/>
        <line num="72" count="0" type="cond" truecount="0" falsecount="2"/>
        <line num="73" count="0" type="stmt"/>
        <line num="76" count="0" type="stmt"/>
        <line num="79" count="7" type="stmt"/>
      </file>
      <file name="Product.js" path="C:\Users\hp\Documents\Ecomerce_website_with_deepseek-R1-4\server\models\Product.js">
        <metrics statements="14" coveredstatements="11" conditionals="4" coveredconditionals="3" methods="4" coveredmethods="2"/>
        <line num="4" count="7" type="stmt"/>
        <line num="16" count="3" type="stmt"/>
        <line num="59" count="7" type="stmt"/>
        <line num="60" count="0" type="stmt"/>
        <line num="64" count="7" type="stmt"/>
        <line num="65" count="3" type="cond" truecount="3" falsecount="1"/>
        <line num="66" count="0" type="stmt"/>
        <line num="68" count="3" type="stmt"/>
        <line num="72" count="7" type="stmt"/>
        <line num="73" count="0" type="stmt"/>
        <line num="76" count="7" type="stmt"/>
        <line num="77" count="7" type="stmt"/>
        <line num="78" count="7" type="stmt"/>
        <line num="80" count="7" type="stmt"/>
      </file>
      <file name="User.js" path="C:\Users\hp\Documents\Ecomerce_website_with_deepseek-R1-4\server\models\User.js">
        <metrics statements="10" coveredstatements="2" conditionals="4" coveredconditionals="0" methods="4" coveredmethods="0"/>
        <line num="5" count="7" type="stmt"/>
        <line num="42" count="7" type="stmt"/>
        <line num="43" count="0" type="cond" truecount="0" falsecount="2"/>
        <line num="45" count="0" type="stmt"/>
        <line num="46" count="0" type="cond" truecount="0" falsecount="2"/>
        <line num="47" count="0" type="stmt"/>
        <line num="48" count="0" type="stmt"/>
        <line num="51" count="0" type="stmt"/>
        <line num="52" count="0" type="stmt"/>
        <line num="54" count="0" type="stmt"/>
      </file>
    </package>
    <package name="server.routes">
      <metrics statements="54" coveredstatements="13" conditionals="15" coveredconditionals="0" methods="7" coveredmethods="0"/>
      <file name="auth.js" path="C:\Users\hp\Documents\Ecomerce_website_with_deepseek-R1-4\server\routes\auth.js">
        <metrics statements="26" coveredstatements="4" conditionals="4" coveredconditionals="0" methods="3" coveredmethods="0"/>
        <line num="3" count="7" type="stmt"/>
        <line num="68" count="7" type="stmt"/>
        <line num="69" count="0" type="stmt"/>
        <line num="70" count="0" type="stmt"/>
        <line num="71" count="0" type="stmt"/>
        <line num="72" count="0" type="stmt"/>
        <line num="73" count="0" type="stmt"/>
        <line num="74" count="0" type="stmt"/>
        <line num="76" count="0" type="stmt"/>
        <line num="115" count="7" type="stmt"/>
        <line num="116" count="0" type="stmt"/>
        <line num="117" count="0" type="stmt"/>
        <line num="118" count="0" type="stmt"/>
        <line num="119" count="0" type="cond" truecount="0" falsecount="2"/>
        <line num="121" count="0" type="stmt"/>
        <line num="122" count="0" type="cond" truecount="0" falsecount="2"/>
        <line num="124" count="0" type="stmt"/>
        <line num="127" count="0" type="stmt"/>
        <line num="129" count="0" type="stmt"/>
        <line num="154" count="7" type="stmt"/>
        <line num="155" count="0" type="stmt"/>
        <line num="156" count="0" type="stmt"/>
        <line num="157" count="0" type="stmt"/>
        <line num="158" count="0" type="stmt"/>
        <line num="159" count="0" type="stmt"/>
        <line num="161" count="0" type="stmt"/>
      </file>
      <file name="orders.js" path="C:\Users\hp\Documents\Ecomerce_website_with_deepseek-R1-4\server\routes\orders.js">
        <metrics statements="8" coveredstatements="4" conditionals="0" coveredconditionals="0" methods="1" coveredmethods="0"/>
        <line num="8" count="7" type="stmt"/>
        <line num="9" count="7" type="stmt"/>
        <line num="18" count="7" type="stmt"/>
        <line num="43" count="7" type="stmt"/>
        <line num="44" count="0" type="stmt"/>
        <line num="45" count="0" type="stmt"/>
        <line num="50" count="0" type="stmt"/>
        <line num="52" count="0" type="stmt"/>
      </file>
      <file name="products.js" path="C:\Users\hp\Documents\Ecomerce_website_with_deepseek-R1-4\server\routes\products.js">
        <metrics statements="20" coveredstatements="5" conditionals="11" coveredconditionals="0" methods="3" coveredmethods="0"/>
        <line num="4" count="7" type="stmt"/>
        <line num="15" count="7" type="stmt"/>
        <line num="16" count="0" type="cond" truecount="0" falsecount="2"/>
        <line num="17" count="0" type="stmt"/>
        <line num="22" count="0" type="stmt"/>
        <line num="73" count="7" type="stmt"/>
        <line num="74" count="0" type="stmt"/>
        <line num="75" count="0" type="cond" truecount="0" falsecount="3"/>
        <line num="77" count="0" type="stmt"/>
        <line num="83" count="0" type="stmt"/>
        <line num="85" count="0" type="stmt"/>
        <line num="95" count="0" type="stmt"/>
        <line num="151" count="7" type="stmt"/>
        <line num="152" count="0" type="stmt"/>
        <line num="153" count="0" type="stmt"/>
        <line num="157" count="0" type="cond" truecount="0" falsecount="2"/>
        <line num="158" count="0" type="stmt"/>
        <line num="165" count="0" type="stmt"/>
        <line num="172" count="0" type="stmt"/>
        <line num="233" count="7" type="stmt"/>
      </file>
    </package>
    <package name="server.services">
      <metrics statements="83" coveredstatements="0" conditionals="32" coveredconditionals="0" methods="22" coveredmethods="0"/>
      <file name="AuthService.js" path="C:\Users\hp\Documents\Ecomerce_website_with_deepseek-R1-4\server\services\AuthService.js">
        <metrics statements="0" coveredstatements="0" conditionals="0" coveredconditionals="0" methods="2" coveredmethods="0"/>
      </file>
      <file name="CacheService.js" path="C:\Users\hp\Documents\Ecomerce_website_with_deepseek-R1-4\server\services\CacheService.js">
        <metrics statements="15" coveredstatements="0" conditionals="15" coveredconditionals="0" methods="5" coveredmethods="0"/>
        <line num="7" count="0" type="cond" truecount="0" falsecount="2"/>
        <line num="8" count="0" type="stmt"/>
        <line num="9" count="0" type="stmt"/>
        <line num="12" count="0" type="stmt"/>
        <line num="16" count="0" type="stmt"/>
        <line num="17" count="0" type="cond" truecount="0" falsecount="2"/>
        <line num="18" count="0" type="stmt"/>
        <line num="22" count="0" type="stmt"/>
        <line num="25" count="0" type="cond" truecount="0" falsecount="2"/>
        <line num="26" count="0" type="stmt"/>
        <line num="31" count="0" type="stmt"/>
        <line num="32" count="0" type="cond" truecount="0" falsecount="2"/>
        <line num="36" count="0" type="stmt"/>
        <line num="44" count="0" type="stmt"/>
        <line num="45" count="0" type="cond" truecount="0" falsecount="2"/>
      </file>
      <file name="InventoryRepository.js" path="C:\Users\hp\Documents\Ecomerce_website_with_deepseek-R1-4\server\services\InventoryRepository.js">
        <metrics statements="1" coveredstatements="0" conditionals="0" coveredconditionals="0" methods="1" coveredmethods="0"/>
        <line num="5" count="0" type="stmt"/>
      </file>
      <file name="OrderService.js" path="C:\Users\hp\Documents\Ecomerce_website_with_deepseek-R1-4\server\services\OrderService.js">
        <metrics statements="30" coveredstatements="0" conditionals="5" coveredconditionals="0" methods="7" coveredmethods="0"/>
        <line num="14" count="0" type="stmt"/>
        <line num="15" count="0" type="stmt"/>
        <line num="16" count="0" type="stmt"/>
        <line num="20" count="0" type="stmt"/>
        <line num="21" count="0" type="stmt"/>
        <line num="23" count="0" type="stmt"/>
        <line num="25" count="0" type="stmt"/>
        <line num="26" count="0" type="stmt"/>
        <line num="29" count="0" type="stmt"/>
        <line num="30" count="0" type="stmt"/>
        <line num="31" count="0" type="stmt"/>
        <line num="34" count="0" type="cond" truecount="0" falsecount="2"/>
        <line num="35" count="0" type="stmt"/>
        <line num="38" count="0" type="stmt"/>
        <line num="46" count="0" type="stmt"/>
        <line num="47" count="0" type="stmt"/>
        <line num="52" count="0" type="stmt"/>
        <line num="61" count="0" type="stmt"/>
        <line num="62" count="0" type="stmt"/>
        <line num="63" count="0" type="stmt"/>
        <line num="66" count="0" type="stmt"/>
        <line num="67" count="0" type="stmt"/>
        <line num="75" count="0" type="stmt"/>
        <line num="81" count="0" type="stmt"/>
        <line num="82" count="0" type="stmt"/>
        <line num="85" count="0" type="stmt"/>
        <line num="87" count="0" type="stmt"/>
        <line num="89" count="0" type="stmt"/>
        <line num="90" count="0" type="stmt"/>
        <line num="92" count="0" type="stmt"/>
      </file>
      <file name="PaymentService.js" path="C:\Users\hp\Documents\Ecomerce_website_with_deepseek-R1-4\server\services\PaymentService.js">
        <metrics statements="11" coveredstatements="0" conditionals="3" coveredconditionals="0" methods="3" coveredmethods="0"/>
        <line num="7" count="0" type="stmt"/>
        <line num="19" count="0" type="cond" truecount="0" falsecount="2"/>
        <line num="20" count="0" type="stmt"/>
        <line num="22" count="0" type="stmt"/>
        <line num="23" count="0" type="stmt"/>
        <line num="30" count="0" type="stmt"/>
        <line num="36" count="0" type="stmt"/>
        <line num="47" count="0" type="stmt"/>
        <line num="48" count="0" type="stmt"/>
        <line num="53" count="0" type="stmt"/>
        <line num="59" count="0" type="stmt"/>
      </file>
      <file name="ProductService.js" path="C:\Users\hp\Documents\Ecomerce_website_with_deepseek-R1-4\server\services\ProductService.js">
        <metrics statements="26" coveredstatements="0" conditionals="9" coveredconditionals="0" methods="4" coveredmethods="0"/>
        <line num="12" count="0" type="stmt"/>
        <line num="13" count="0" type="stmt"/>
        <line num="17" count="0" type="stmt"/>
        <line num="19" count="0" type="stmt"/>
        <line num="24" count="0" type="stmt"/>
        <line num="25" count="0" type="stmt"/>
        <line num="26" count="0" type="stmt"/>
        <line num="30" count="0" type="stmt"/>
        <line num="32" count="0" type="cond" truecount="0" falsecount="2"/>
        <line num="33" count="0" type="stmt"/>
        <line num="36" count="0" type="stmt"/>
        <line num="37" count="0" type="cond" truecount="0" falsecount="2"/>
        <line num="38" count="0" type="stmt"/>
        <line num="41" count="0" type="stmt"/>
        <line num="42" count="0" type="stmt"/>
        <line num="44" count="0" type="stmt"/>
        <line num="45" count="0" type="stmt"/>
        <line num="47" count="0" type="stmt"/>
        <line num="51" count="0" type="stmt"/>
        <line num="52" count="0" type="stmt"/>
        <line num="54" count="0" type="cond" truecount="0" falsecount="2"/>
        <line num="56" count="0" type="stmt"/>
        <line num="61" count="0" type="stmt"/>
        <line num="66" count="0" type="stmt"/>
        <line num="76" count="0" type="stmt"/>
        <line num="77" count="0" type="stmt"/>
      </file>
    </package>
    <package name="server.utils">
      <metrics statements="5" coveredstatements="0" conditionals="11" coveredconditionals="0" methods="2" coveredmethods="0"/>
      <file name="APIResponse.js" path="C:\Users\hp\Documents\Ecomerce_website_with_deepseek-R1-4\server\utils\APIResponse.js">
        <metrics statements="5" coveredstatements="0" conditionals="11" coveredconditionals="0" methods="2" coveredmethods="0"/>
        <line num="20" count="0" type="stmt"/>
        <line num="34" count="0" type="stmt"/>
        <line num="42" count="0" type="cond" truecount="0" falsecount="4"/>
        <line num="43" count="0" type="stmt"/>
        <line num="50" count="0" type="stmt"/>
      </file>
    </package>
  </project>
</coverage>
