{"C:\\Users\\hp\\Documents\\Ecomerce_website_with_deepseek-R1-4\\server\\app.js": {"path":"C:\\Users\\hp\\Documents\\Ecomerce_website_with_deepseek-R1-4\\server\\app.js","statementMap":{"0":{"start":{"line":12,"column":18},"end":{"line":12,"column":22}},"1":{"start":{"line":15,"column":2},"end":{"line":15,"column":38}},"2":{"start":{"line":15,"column":19},"end":{"line":15,"column":38}},"3":{"start":{"line":17,"column":2},"end":{"line":17,"column":33}},"4":{"start":{"line":19,"column":14},"end":{"line":19,"column":23}},"5":{"start":{"line":22,"column":2},"end":{"line":22,"column":26}},"6":{"start":{"line":23,"column":2},"end":{"line":23,"column":25}},"7":{"start":{"line":24,"column":2},"end":{"line":24,"column":23}},"8":{"start":{"line":27,"column":2},"end":{"line":30,"column":4}},"9":{"start":{"line":33,"column":2},"end":{"line":33,"column":75}},"10":{"start":{"line":34,"column":2},"end":{"line":34,"column":67}},"11":{"start":{"line":35,"column":2},"end":{"line":35,"column":71}},"12":{"start":{"line":38,"column":2},"end":{"line":38,"column":24}},"13":{"start":{"line":40,"column":2},"end":{"line":40,"column":20}},"14":{"start":{"line":41,"column":2},"end":{"line":41,"column":13}},"15":{"start":{"line":45,"column":30},"end":{"line":45,"column":41}},"16":{"start":{"line":48,"column":0},"end":{"line":54,"column":1}},"17":{"start":{"line":49,"column":2},"end":{"line":53,"column":5}},"18":{"start":{"line":50,"column":4},"end":{"line":52,"column":7}},"19":{"start":{"line":51,"column":6},"end":{"line":51,"column":59}}},"fnMap":{"0":{"name":"createApp","decl":{"start":{"line":14,"column":22},"end":{"line":14,"column":31}},"loc":{"start":{"line":14,"column":34},"end":{"line":42,"column":1}},"line":14},"1":{"name":"(anonymous_1)","decl":{"start":{"line":49,"column":22},"end":{"line":49,"column":23}},"loc":{"start":{"line":49,"column":29},"end":{"line":53,"column":3}},"line":49},"2":{"name":"(anonymous_2)","decl":{"start":{"line":50,"column":28},"end":{"line":50,"column":29}},"loc":{"start":{"line":50,"column":34},"end":{"line":52,"column":5}},"line":50}},"branchMap":{"0":{"loc":{"start":{"line":15,"column":2},"end":{"line":15,"column":38}},"type":"if","locations":[{"start":{"line":15,"column":2},"end":{"line":15,"column":38}},{"start":{},"end":{}}],"line":15},"1":{"loc":{"start":{"line":48,"column":0},"end":{"line":54,"column":1}},"type":"if","locations":[{"start":{"line":48,"column":0},"end":{"line":54,"column":1}},{"start":{},"end":{}}],"line":48}},"s":{"0":7,"1":7,"2":0,"3":7,"4":7,"5":7,"6":7,"7":7,"8":7,"9":7,"10":7,"11":7,"12":7,"13":7,"14":7,"15":7,"16":7,"17":0,"18":0,"19":0},"f":{"0":7,"1":0,"2":0},"b":{"0":[0,7],"1":[0,7]},"_coverageSchema":"1a1c01bbd47fc00a2c39e90264f33305004495a9","hash":"31276330be5acc36e364aa564bc9833afd2823e3"}
,"C:\\Users\\hp\\Documents\\Ecomerce_website_with_deepseek-R1-4\\server\\config\\di.js": {"path":"C:\\Users\\hp\\Documents\\Ecomerce_website_with_deepseek-R1-4\\server\\config\\di.js","statementMap":{"0":{"start":{"line":13,"column":4},"end":{"line":13,"column":48}},"1":{"start":{"line":13,"column":41},"end":{"line":13,"column":48}},"2":{"start":{"line":16,"column":4},"end":{"line":16,"column":47}},"3":{"start":{"line":17,"column":4},"end":{"line":17,"column":47}},"4":{"start":{"line":18,"column":4},"end":{"line":18,"column":57}},"5":{"start":{"line":21,"column":4},"end":{"line":34,"column":6}},"6":{"start":{"line":43,"column":4},"end":{"line":43,"column":39}},"7":{"start":{"line":47,"column":27},"end":{"line":47,"column":44}}},"fnMap":{"0":{"name":"(anonymous_0)","decl":{"start":{"line":11,"column":2},"end":{"line":11,"column":3}},"loc":{"start":{"line":11,"column":16},"end":{"line":35,"column":3}},"line":11},"1":{"name":"(anonymous_1)","decl":{"start":{"line":38,"column":2},"end":{"line":38,"column":3}},"loc":{"start":{"line":38,"column":21},"end":{"line":40,"column":3}},"line":38},"2":{"name":"(anonymous_2)","decl":{"start":{"line":42,"column":2},"end":{"line":42,"column":3}},"loc":{"start":{"line":42,"column":19},"end":{"line":44,"column":3}},"line":42}},"branchMap":{"0":{"loc":{"start":{"line":13,"column":4},"end":{"line":13,"column":48}},"type":"if","locations":[{"start":{"line":13,"column":4},"end":{"line":13,"column":48}},{"start":{},"end":{}}],"line":13},"1":{"loc":{"start":{"line":43,"column":11},"end":{"line":43,"column":38}},"type":"binary-expr","locations":[{"start":{"line":43,"column":11},"end":{"line":43,"column":30}},{"start":{"line":43,"column":34},"end":{"line":43,"column":38}}],"line":43}},"s":{"0":7,"1":7,"2":0,"3":0,"4":0,"5":0,"6":0,"7":7},"f":{"0":7,"1":7,"2":0},"b":{"0":[7,0],"1":[0,0]},"_coverageSchema":"1a1c01bbd47fc00a2c39e90264f33305004495a9","hash":"121d18fbec8eee487d1559a88830c3ed7adc36aa"}
,"C:\\Users\\hp\\Documents\\Ecomerce_website_with_deepseek-R1-4\\server\\config\\env.js": {"path":"C:\\Users\\hp\\Documents\\Ecomerce_website_with_deepseek-R1-4\\server\\config\\env.js","statementMap":{"0":{"start":{"line":5,"column":0},"end":{"line":5,"column":16}},"1":{"start":{"line":7,"column":18},"end":{"line":43,"column":12}},"2":{"start":{"line":45,"column":30},"end":{"line":45,"column":61}},"3":{"start":{"line":47,"column":0},"end":{"line":49,"column":1}},"4":{"start":{"line":48,"column":2},"end":{"line":48,"column":60}}},"fnMap":{},"branchMap":{"0":{"loc":{"start":{"line":47,"column":0},"end":{"line":49,"column":1}},"type":"if","locations":[{"start":{"line":47,"column":0},"end":{"line":49,"column":1}},{"start":{},"end":{}}],"line":47},"1":{"loc":{"start":{"line":75,"column":9},"end":{"line":75,"column":74}},"type":"cond-expr","locations":[{"start":{"line":75,"column":33},"end":{"line":75,"column":62}},{"start":{"line":75,"column":65},"end":{"line":75,"column":74}}],"line":75}},"s":{"0":7,"1":7,"2":7,"3":7,"4":0},"f":{},"b":{"0":[0,7],"1":[0,7]},"_coverageSchema":"1a1c01bbd47fc00a2c39e90264f33305004495a9","hash":"52b5ffcd3c4dc142de5b67d1b5a3e7638e67d372"}
,"C:\\Users\\hp\\Documents\\Ecomerce_website_with_deepseek-R1-4\\server\\lib\\logger.js": {"path":"C:\\Users\\hp\\Documents\\Ecomerce_website_with_deepseek-R1-4\\server\\lib\\logger.js","statementMap":{"0":{"start":{"line":5,"column":45},"end":{"line":5,"column":59}},"1":{"start":{"line":8,"column":19},"end":{"line":24,"column":1}},"2":{"start":{"line":12,"column":26},"end":{"line":22,"column":5}},"3":{"start":{"line":26,"column":22},"end":{"line":39,"column":2}},"4":{"start":{"line":42,"column":29},"end":{"line":68,"column":1}},"5":{"start":{"line":43,"column":18},"end":{"line":43,"column":26}},"6":{"start":{"line":44,"column":16},"end":{"line":44,"column":26}},"7":{"start":{"line":46,"column":2},"end":{"line":54,"column":5}},"8":{"start":{"line":56,"column":2},"end":{"line":65,"column":5}},"9":{"start":{"line":57,"column":4},"end":{"line":64,"column":7}},"10":{"start":{"line":67,"column":2},"end":{"line":67,"column":9}}},"fnMap":{"0":{"name":"(anonymous_0)","decl":{"start":{"line":12,"column":15},"end":{"line":12,"column":16}},"loc":{"start":{"line":12,"column":26},"end":{"line":22,"column":5}},"line":12},"1":{"name":"(anonymous_1)","decl":{"start":{"line":42,"column":29},"end":{"line":42,"column":30}},"loc":{"start":{"line":42,"column":49},"end":{"line":68,"column":1}},"line":42},"2":{"name":"(anonymous_2)","decl":{"start":{"line":56,"column":19},"end":{"line":56,"column":20}},"loc":{"start":{"line":56,"column":25},"end":{"line":65,"column":3}},"line":56}},"branchMap":{"0":{"loc":{"start":{"line":18,"column":17},"end":{"line":18,"column":41}},"type":"binary-expr","locations":[{"start":{"line":18,"column":17},"end":{"line":18,"column":29}},{"start":{"line":18,"column":33},"end":{"line":18,"column":41}}],"line":18},"1":{"loc":{"start":{"line":19,"column":12},"end":{"line":19,"column":30}},"type":"binary-expr","locations":[{"start":{"line":19,"column":12},"end":{"line":19,"column":24}},{"start":{"line":19,"column":28},"end":{"line":19,"column":30}}],"line":19},"2":{"loc":{"start":{"line":21,"column":10},"end":{"line":21,"column":49}},"type":"cond-expr","locations":[{"start":{"line":21,"column":23},"end":{"line":21,"column":44}},{"start":{"line":21,"column":47},"end":{"line":21,"column":49}}],"line":21},"3":{"loc":{"start":{"line":27,"column":9},"end":{"line":27,"column":40}},"type":"binary-expr","locations":[{"start":{"line":27,"column":9},"end":{"line":27,"column":30}},{"start":{"line":27,"column":34},"end":{"line":27,"column":40}}],"line":27},"4":{"loc":{"start":{"line":62,"column":23},"end":{"line":62,"column":55}},"type":"binary-expr","locations":[{"start":{"line":62,"column":23},"end":{"line":62,"column":48}},{"start":{"line":62,"column":52},"end":{"line":62,"column":55}}],"line":62}},"s":{"0":7,"1":7,"2":0,"3":7,"4":7,"5":16,"6":16,"7":16,"8":16,"9":16,"10":16},"f":{"0":0,"1":16,"2":16},"b":{"0":[0,0],"1":[0,0],"2":[0,0],"3":[7,7],"4":[16,0]},"_coverageSchema":"1a1c01bbd47fc00a2c39e90264f33305004495a9","hash":"bc5eba816e8adb549125dcfbc83a1351840231e4"}
,"C:\\Users\\hp\\Documents\\Ecomerce_website_with_deepseek-R1-4\\server\\lib\\redis.js": {"path":"C:\\Users\\hp\\Documents\\Ecomerce_website_with_deepseek-R1-4\\server\\lib\\redis.js","statementMap":{"0":{"start":{"line":4,"column":15},"end":{"line":13,"column":6}},"1":{"start":{"line":6,"column":21},"end":{"line":6,"column":38}},"2":{"start":{"line":7,"column":18},"end":{"line":7,"column":35}},"3":{"start":{"line":8,"column":22},"end":{"line":8,"column":39}},"4":{"start":{"line":15,"column":0},"end":{"line":21,"column":1}},"5":{"start":{"line":16,"column":2},"end":{"line":20,"column":56}},"6":{"start":{"line":17,"column":25},"end":{"line":17,"column":59}},"7":{"start":{"line":18,"column":23},"end":{"line":18,"column":53}},"8":{"start":{"line":19,"column":26},"end":{"line":19,"column":60}},"9":{"start":{"line":20,"column":21},"end":{"line":20,"column":54}}},"fnMap":{"0":{"name":"(anonymous_0)","decl":{"start":{"line":6,"column":15},"end":{"line":6,"column":16}},"loc":{"start":{"line":6,"column":21},"end":{"line":6,"column":38}},"line":6},"1":{"name":"(anonymous_1)","decl":{"start":{"line":7,"column":12},"end":{"line":7,"column":13}},"loc":{"start":{"line":7,"column":18},"end":{"line":7,"column":35}},"line":7},"2":{"name":"(anonymous_2)","decl":{"start":{"line":8,"column":16},"end":{"line":8,"column":17}},"loc":{"start":{"line":8,"column":22},"end":{"line":8,"column":39}},"line":8},"3":{"name":"(anonymous_3)","decl":{"start":{"line":9,"column":10},"end":{"line":9,"column":11}},"loc":{"start":{"line":9,"column":16},"end":{"line":9,"column":18}},"line":9},"4":{"name":"(anonymous_4)","decl":{"start":{"line":17,"column":19},"end":{"line":17,"column":20}},"loc":{"start":{"line":17,"column":25},"end":{"line":17,"column":59}},"line":17},"5":{"name":"(anonymous_5)","decl":{"start":{"line":18,"column":17},"end":{"line":18,"column":18}},"loc":{"start":{"line":18,"column":23},"end":{"line":18,"column":53}},"line":18},"6":{"name":"(anonymous_6)","decl":{"start":{"line":19,"column":17},"end":{"line":19,"column":18}},"loc":{"start":{"line":19,"column":26},"end":{"line":19,"column":60}},"line":19},"7":{"name":"(anonymous_7)","decl":{"start":{"line":20,"column":15},"end":{"line":20,"column":16}},"loc":{"start":{"line":20,"column":21},"end":{"line":20,"column":54}},"line":20}},"branchMap":{"0":{"loc":{"start":{"line":4,"column":15},"end":{"line":13,"column":6}},"type":"cond-expr","locations":[{"start":{"line":5,"column":4},"end":{"line":10,"column":5}},{"start":{"line":11,"column":4},"end":{"line":13,"column":6}}],"line":4},"1":{"loc":{"start":{"line":12,"column":11},"end":{"line":12,"column":60}},"type":"binary-expr","locations":[{"start":{"line":12,"column":11},"end":{"line":12,"column":32}},{"start":{"line":12,"column":36},"end":{"line":12,"column":60}}],"line":12},"2":{"loc":{"start":{"line":15,"column":0},"end":{"line":21,"column":1}},"type":"if","locations":[{"start":{"line":15,"column":0},"end":{"line":21,"column":1}},{"start":{},"end":{}}],"line":15}},"s":{"0":7,"1":7,"2":7,"3":13,"4":7,"5":0,"6":0,"7":0,"8":0,"9":0},"f":{"0":7,"1":7,"2":13,"3":0,"4":0,"5":0,"6":0,"7":0},"b":{"0":[7,0],"1":[0,0],"2":[0,7]},"_coverageSchema":"1a1c01bbd47fc00a2c39e90264f33305004495a9","hash":"9498e07a838c6fa6b6414bb916abf3ae0f71ceec"}
,"C:\\Users\\hp\\Documents\\Ecomerce_website_with_deepseek-R1-4\\server\\lib\\swagger.js": {"path":"C:\\Users\\hp\\Documents\\Ecomerce_website_with_deepseek-R1-4\\server\\lib\\swagger.js","statementMap":{"0":{"start":{"line":5,"column":16},"end":{"line":25,"column":1}},"1":{"start":{"line":27,"column":27},"end":{"line":27,"column":48}},"2":{"start":{"line":29,"column":32},"end":{"line":33,"column":1}}},"fnMap":{},"branchMap":{},"s":{"0":7,"1":7,"2":7},"f":{},"b":{},"_coverageSchema":"1a1c01bbd47fc00a2c39e90264f33305004495a9","hash":"18bfbd877fe14b2194f40dce4214fe67cd655d2b"}
,"C:\\Users\\hp\\Documents\\Ecomerce_website_with_deepseek-R1-4\\server\\lib\\errors\\AppError.js": {"path":"C:\\Users\\hp\\Documents\\Ecomerce_website_with_deepseek-R1-4\\server\\lib\\errors\\AppError.js","statementMap":{"0":{"start":{"line":4,"column":4},"end":{"line":4,"column":19}},"1":{"start":{"line":5,"column":4},"end":{"line":5,"column":33}},"2":{"start":{"line":6,"column":4},"end":{"line":6,"column":39}},"3":{"start":{"line":7,"column":4},"end":{"line":7,"column":52}},"4":{"start":{"line":13,"column":4},"end":{"line":13,"column":44}},"5":{"start":{"line":14,"column":4},"end":{"line":14,"column":39}},"6":{"start":{"line":20,"column":4},"end":{"line":20,"column":36}},"7":{"start":{"line":21,"column":4},"end":{"line":21,"column":25}}},"fnMap":{"0":{"name":"(anonymous_0)","decl":{"start":{"line":3,"column":2},"end":{"line":3,"column":3}},"loc":{"start":{"line":3,"column":57},"end":{"line":8,"column":3}},"line":3},"1":{"name":"(anonymous_1)","decl":{"start":{"line":12,"column":2},"end":{"line":12,"column":3}},"loc":{"start":{"line":12,"column":29},"end":{"line":15,"column":3}},"line":12},"2":{"name":"(anonymous_2)","decl":{"start":{"line":19,"column":2},"end":{"line":19,"column":3}},"loc":{"start":{"line":19,"column":22},"end":{"line":22,"column":3}},"line":19}},"branchMap":{"0":{"loc":{"start":{"line":3,"column":35},"end":{"line":3,"column":55}},"type":"default-arg","locations":[{"start":{"line":3,"column":51},"end":{"line":3,"column":55}}],"line":3}},"s":{"0":0,"1":0,"2":0,"3":0,"4":0,"5":0,"6":0,"7":0},"f":{"0":0,"1":0,"2":0},"b":{"0":[0]},"_coverageSchema":"1a1c01bbd47fc00a2c39e90264f33305004495a9","hash":"c0d5100eff7d9c83621b2a6f4b472a1cb900a854"}
,"C:\\Users\\hp\\Documents\\Ecomerce_website_with_deepseek-R1-4\\server\\middlewares\\auth.js": {"path":"C:\\Users\\hp\\Documents\\Ecomerce_website_with_deepseek-R1-4\\server\\middlewares\\auth.js","statementMap":{"0":{"start":{"line":13,"column":27},"end":{"line":37,"column":3}},"1":{"start":{"line":14,"column":23},"end":{"line":14,"column":48}},"2":{"start":{"line":16,"column":4},"end":{"line":18,"column":5}},"3":{"start":{"line":17,"column":6},"end":{"line":17,"column":73}},"4":{"start":{"line":20,"column":18},"end":{"line":20,"column":42}},"5":{"start":{"line":22,"column":4},"end":{"line":36,"column":5}},"6":{"start":{"line":23,"column":22},"end":{"line":23,"column":63}},"7":{"start":{"line":24,"column":19},"end":{"line":26,"column":15}},"8":{"start":{"line":28,"column":6},"end":{"line":30,"column":7}},"9":{"start":{"line":29,"column":8},"end":{"line":29,"column":61}},"10":{"start":{"line":32,"column":6},"end":{"line":32,"column":22}},"11":{"start":{"line":33,"column":6},"end":{"line":33,"column":13}},"12":{"start":{"line":35,"column":6},"end":{"line":35,"column":74}},"13":{"start":{"line":42,"column":23},"end":{"line":50,"column":3}},"14":{"start":{"line":43,"column":4},"end":{"line":49,"column":6}},"15":{"start":{"line":44,"column":6},"end":{"line":47,"column":7}},"16":{"start":{"line":45,"column":8},"end":{"line":46,"column":40}},"17":{"start":{"line":48,"column":6},"end":{"line":48,"column":13}},"18":{"start":{"line":55,"column":24},"end":{"line":63,"column":3}},"19":{"start":{"line":56,"column":4},"end":{"line":62,"column":6}},"20":{"start":{"line":57,"column":6},"end":{"line":60,"column":7}},"21":{"start":{"line":58,"column":8},"end":{"line":59,"column":57}},"22":{"start":{"line":61,"column":6},"end":{"line":61,"column":13}}},"fnMap":{"0":{"name":"(anonymous_0)","decl":{"start":{"line":13,"column":27},"end":{"line":13,"column":28}},"loc":{"start":{"line":13,"column":53},"end":{"line":37,"column":3}},"line":13},"1":{"name":"(anonymous_1)","decl":{"start":{"line":42,"column":23},"end":{"line":42,"column":24}},"loc":{"start":{"line":42,"column":33},"end":{"line":50,"column":3}},"line":42},"2":{"name":"(anonymous_2)","decl":{"start":{"line":43,"column":11},"end":{"line":43,"column":12}},"loc":{"start":{"line":43,"column":31},"end":{"line":49,"column":5}},"line":43},"3":{"name":"(anonymous_3)","decl":{"start":{"line":55,"column":24},"end":{"line":55,"column":25}},"loc":{"start":{"line":55,"column":44},"end":{"line":63,"column":3}},"line":55},"4":{"name":"(anonymous_4)","decl":{"start":{"line":56,"column":11},"end":{"line":56,"column":12}},"loc":{"start":{"line":56,"column":31},"end":{"line":62,"column":5}},"line":56}},"branchMap":{"0":{"loc":{"start":{"line":16,"column":4},"end":{"line":18,"column":5}},"type":"if","locations":[{"start":{"line":16,"column":4},"end":{"line":18,"column":5}},{"start":{},"end":{}}],"line":16},"1":{"loc":{"start":{"line":28,"column":6},"end":{"line":30,"column":7}},"type":"if","locations":[{"start":{"line":28,"column":6},"end":{"line":30,"column":7}},{"start":{},"end":{}}],"line":28},"2":{"loc":{"start":{"line":44,"column":6},"end":{"line":47,"column":7}},"type":"if","locations":[{"start":{"line":44,"column":6},"end":{"line":47,"column":7}},{"start":{},"end":{}}],"line":44},"3":{"loc":{"start":{"line":57,"column":6},"end":{"line":60,"column":7}},"type":"if","locations":[{"start":{"line":57,"column":6},"end":{"line":60,"column":7}},{"start":{},"end":{}}],"line":57},"4":{"loc":{"start":{"line":57,"column":10},"end":{"line":57,"column":78}},"type":"binary-expr","locations":[{"start":{"line":57,"column":10},"end":{"line":57,"column":41}},{"start":{"line":57,"column":45},"end":{"line":57,"column":78}}],"line":57}},"s":{"0":7,"1":0,"2":0,"3":0,"4":0,"5":0,"6":0,"7":0,"8":0,"9":0,"10":0,"11":0,"12":0,"13":7,"14":0,"15":0,"16":0,"17":0,"18":7,"19":0,"20":0,"21":0,"22":0},"f":{"0":0,"1":0,"2":0,"3":0,"4":0},"b":{"0":[0,0],"1":[0,0],"2":[0,0],"3":[0,0],"4":[0,0]},"_coverageSchema":"1a1c01bbd47fc00a2c39e90264f33305004495a9","hash":"aebffbeef237db6d941e059cbe4c43b867b34e07"}
,"C:\\Users\\hp\\Documents\\Ecomerce_website_with_deepseek-R1-4\\server\\middlewares\\errorHandler.js": {"path":"C:\\Users\\hp\\Documents\\Ecomerce_website_with_deepseek-R1-4\\server\\middlewares\\errorHandler.js","statementMap":{"0":{"start":{"line":6,"column":17},"end":{"line":6,"column":54}},"1":{"start":{"line":8,"column":28},"end":{"line":34,"column":1}},"2":{"start":{"line":9,"column":24},"end":{"line":16,"column":3}},"3":{"start":{"line":18,"column":2},"end":{"line":28,"column":3}},"4":{"start":{"line":19,"column":4},"end":{"line":27,"column":7}},"5":{"start":{"line":30,"column":2},"end":{"line":33,"column":5}}},"fnMap":{"0":{"name":"(anonymous_0)","decl":{"start":{"line":8,"column":28},"end":{"line":8,"column":29}},"loc":{"start":{"line":8,"column":53},"end":{"line":34,"column":1}},"line":8}},"branchMap":{"0":{"loc":{"start":{"line":6,"column":17},"end":{"line":6,"column":54}},"type":"binary-expr","locations":[{"start":{"line":6,"column":17},"end":{"line":6,"column":37}},{"start":{"line":6,"column":41},"end":{"line":6,"column":54}}],"line":6},"1":{"loc":{"start":{"line":10,"column":10},"end":{"line":10,"column":31}},"type":"binary-expr","locations":[{"start":{"line":10,"column":10},"end":{"line":10,"column":24}},{"start":{"line":10,"column":28},"end":{"line":10,"column":31}}],"line":10},"2":{"loc":{"start":{"line":11,"column":13},"end":{"line":11,"column":70}},"type":"cond-expr","locations":[{"start":{"line":11,"column":33},"end":{"line":11,"column":44}},{"start":{"line":11,"column":47},"end":{"line":11,"column":70}}],"line":11},"3":{"loc":{"start":{"line":12,"column":8},"end":{"line":15,"column":5}},"type":"binary-expr","locations":[{"start":{"line":12,"column":8},"end":{"line":12,"column":34}},{"start":{"line":12,"column":38},"end":{"line":15,"column":5}}],"line":12},"4":{"loc":{"start":{"line":18,"column":2},"end":{"line":28,"column":3}},"type":"if","locations":[{"start":{"line":18,"column":2},"end":{"line":28,"column":3}},{"start":{},"end":{}}],"line":18}},"s":{"0":7,"1":7,"2":16,"3":16,"4":16,"5":16},"f":{"0":16},"b":{"0":[7,0],"1":[16,16],"2":[0,16],"3":[16,0],"4":[16,0]},"_coverageSchema":"1a1c01bbd47fc00a2c39e90264f33305004495a9","hash":"0a4213e3e3036343d9ce0b4051968207b6c3d5cc"}
,"C:\\Users\\hp\\Documents\\Ecomerce_website_with_deepseek-R1-4\\server\\middlewares\\rateLimiter.js": {"path":"C:\\Users\\hp\\Documents\\Ecomerce_website_with_deepseek-R1-4\\server\\middlewares\\rateLimiter.js","statementMap":{"0":{"start":{"line":5,"column":20},"end":{"line":5,"column":29}},"1":{"start":{"line":6,"column":21},"end":{"line":6,"column":24}},"2":{"start":{"line":8,"column":27},"end":{"line":33,"column":1}},"3":{"start":{"line":9,"column":19},"end":{"line":9,"column":40}},"4":{"start":{"line":10,"column":14},"end":{"line":10,"column":38}},"5":{"start":{"line":12,"column":2},"end":{"line":32,"column":3}},"6":{"start":{"line":13,"column":25},"end":{"line":13,"column":56}},"7":{"start":{"line":15,"column":4},"end":{"line":17,"column":5}},"8":{"start":{"line":16,"column":6},"end":{"line":16,"column":51}},"9":{"start":{"line":19,"column":4},"end":{"line":22,"column":14}},"10":{"start":{"line":24,"column":4},"end":{"line":27,"column":7}},"11":{"start":{"line":29,"column":4},"end":{"line":29,"column":11}},"12":{"start":{"line":31,"column":4},"end":{"line":31,"column":16}}},"fnMap":{"0":{"name":"(anonymous_0)","decl":{"start":{"line":8,"column":27},"end":{"line":8,"column":28}},"loc":{"start":{"line":8,"column":53},"end":{"line":33,"column":1}},"line":8}},"branchMap":{"0":{"loc":{"start":{"line":9,"column":19},"end":{"line":9,"column":40}},"type":"binary-expr","locations":[{"start":{"line":9,"column":19},"end":{"line":9,"column":25}},{"start":{"line":9,"column":29},"end":{"line":9,"column":40}}],"line":9},"1":{"loc":{"start":{"line":13,"column":25},"end":{"line":13,"column":56}},"type":"binary-expr","locations":[{"start":{"line":13,"column":25},"end":{"line":13,"column":51}},{"start":{"line":13,"column":55},"end":{"line":13,"column":56}}],"line":13},"2":{"loc":{"start":{"line":15,"column":4},"end":{"line":17,"column":5}},"type":"if","locations":[{"start":{"line":15,"column":4},"end":{"line":17,"column":5}},{"start":{},"end":{}}],"line":15}},"s":{"0":7,"1":7,"2":7,"3":16,"4":16,"5":16,"6":16,"7":0,"8":0,"9":0,"10":0,"11":0,"12":16},"f":{"0":16},"b":{"0":[16,0],"1":[16,0],"2":[0,0]},"_coverageSchema":"1a1c01bbd47fc00a2c39e90264f33305004495a9","hash":"d1a073b32f22a509570b04d6b0bbd94411a71dc6"}
,"C:\\Users\\hp\\Documents\\Ecomerce_website_with_deepseek-R1-4\\server\\models\\Order.js": {"path":"C:\\Users\\hp\\Documents\\Ecomerce_website_with_deepseek-R1-4\\server\\models\\Order.js","statementMap":{"0":{"start":{"line":4,"column":20},"end":{"line":58,"column":2}},"1":{"start":{"line":61,"column":0},"end":{"line":67,"column":3}},"2":{"start":{"line":62,"column":2},"end":{"line":66,"column":5}},"3":{"start":{"line":70,"column":0},"end":{"line":77,"column":3}},"4":{"start":{"line":71,"column":2},"end":{"line":75,"column":3}},"5":{"start":{"line":72,"column":4},"end":{"line":74,"column":5}},"6":{"start":{"line":73,"column":6},"end":{"line":73,"column":66}},"7":{"start":{"line":76,"column":2},"end":{"line":76,"column":9}},"8":{"start":{"line":79,"column":14},"end":{"line":79,"column":50}}},"fnMap":{"0":{"name":"(anonymous_0)","decl":{"start":{"line":61,"column":37},"end":{"line":61,"column":38}},"loc":{"start":{"line":61,"column":48},"end":{"line":67,"column":1}},"line":61},"1":{"name":"(anonymous_1)","decl":{"start":{"line":70,"column":24},"end":{"line":70,"column":25}},"loc":{"start":{"line":70,"column":39},"end":{"line":77,"column":1}},"line":70}},"branchMap":{"0":{"loc":{"start":{"line":71,"column":2},"end":{"line":75,"column":3}},"type":"if","locations":[{"start":{"line":71,"column":2},"end":{"line":75,"column":3}},{"start":{},"end":{}}],"line":71},"1":{"loc":{"start":{"line":71,"column":6},"end":{"line":71,"column":62}},"type":"binary-expr","locations":[{"start":{"line":71,"column":6},"end":{"line":71,"column":31}},{"start":{"line":71,"column":35},"end":{"line":71,"column":62}}],"line":71},"2":{"loc":{"start":{"line":72,"column":4},"end":{"line":74,"column":5}},"type":"if","locations":[{"start":{"line":72,"column":4},"end":{"line":74,"column":5}},{"start":{},"end":{}}],"line":72}},"s":{"0":7,"1":7,"2":0,"3":7,"4":0,"5":0,"6":0,"7":0,"8":7},"f":{"0":0,"1":0},"b":{"0":[0,0],"1":[0,0],"2":[0,0]},"_coverageSchema":"1a1c01bbd47fc00a2c39e90264f33305004495a9","hash":"ddbbabe7bf29f8ab2f82caeb1fa5010783ac55f3"}
,"C:\\Users\\hp\\Documents\\Ecomerce_website_with_deepseek-R1-4\\server\\models\\Product.js": {"path":"C:\\Users\\hp\\Documents\\Ecomerce_website_with_deepseek-R1-4\\server\\models\\Product.js","statementMap":{"0":{"start":{"line":4,"column":22},"end":{"line":56,"column":2}},"1":{"start":{"line":16,"column":14},"end":{"line":16,"column":39}},"2":{"start":{"line":59,"column":0},"end":{"line":61,"column":3}},"3":{"start":{"line":60,"column":2},"end":{"line":60,"column":37}},"4":{"start":{"line":64,"column":0},"end":{"line":69,"column":3}},"5":{"start":{"line":65,"column":2},"end":{"line":67,"column":3}},"6":{"start":{"line":66,"column":4},"end":{"line":66,"column":50}},"7":{"start":{"line":68,"column":2},"end":{"line":68,"column":9}},"8":{"start":{"line":72,"column":0},"end":{"line":74,"column":3}},"9":{"start":{"line":73,"column":2},"end":{"line":73,"column":24}},"10":{"start":{"line":76,"column":0},"end":{"line":76,"column":47}},"11":{"start":{"line":77,"column":0},"end":{"line":77,"column":34}},"12":{"start":{"line":78,"column":0},"end":{"line":78,"column":39}},"13":{"start":{"line":80,"column":16},"end":{"line":80,"column":56}}},"fnMap":{"0":{"name":"(anonymous_0)","decl":{"start":{"line":16,"column":9},"end":{"line":16,"column":10}},"loc":{"start":{"line":16,"column":14},"end":{"line":16,"column":39}},"line":16},"1":{"name":"(anonymous_1)","decl":{"start":{"line":59,"column":44},"end":{"line":59,"column":45}},"loc":{"start":{"line":59,"column":55},"end":{"line":61,"column":1}},"line":59},"2":{"name":"(anonymous_2)","decl":{"start":{"line":64,"column":26},"end":{"line":64,"column":27}},"loc":{"start":{"line":64,"column":41},"end":{"line":69,"column":1}},"line":64},"3":{"name":"(anonymous_3)","decl":{"start":{"line":72,"column":37},"end":{"line":72,"column":38}},"loc":{"start":{"line":72,"column":48},"end":{"line":74,"column":1}},"line":72}},"branchMap":{"0":{"loc":{"start":{"line":65,"column":2},"end":{"line":67,"column":3}},"type":"if","locations":[{"start":{"line":65,"column":2},"end":{"line":67,"column":3}},{"start":{},"end":{}}],"line":65},"1":{"loc":{"start":{"line":65,"column":6},"end":{"line":65,"column":45}},"type":"binary-expr","locations":[{"start":{"line":65,"column":6},"end":{"line":65,"column":30}},{"start":{"line":65,"column":34},"end":{"line":65,"column":45}}],"line":65}},"s":{"0":7,"1":3,"2":7,"3":0,"4":7,"5":3,"6":0,"7":3,"8":7,"9":0,"10":7,"11":7,"12":7,"13":7},"f":{"0":3,"1":0,"2":3,"3":0},"b":{"0":[0,3],"1":[3,3]},"_coverageSchema":"1a1c01bbd47fc00a2c39e90264f33305004495a9","hash":"15469ba8e3df92066adee1afecad9c4cfd9d738c"}
,"C:\\Users\\hp\\Documents\\Ecomerce_website_with_deepseek-R1-4\\server\\models\\User.js": {"path":"C:\\Users\\hp\\Documents\\Ecomerce_website_with_deepseek-R1-4\\server\\models\\User.js","statementMap":{"0":{"start":{"line":5,"column":20},"end":{"line":40,"column":2}},"1":{"start":{"line":42,"column":0},"end":{"line":57,"column":3}},"2":{"start":{"line":43,"column":2},"end":{"line":43,"column":35}},"3":{"start":{"line":43,"column":28},"end":{"line":43,"column":35}},"4":{"start":{"line":45,"column":2},"end":{"line":56,"column":3}},"5":{"start":{"line":46,"column":4},"end":{"line":55,"column":5}},"6":{"start":{"line":47,"column":28},"end":{"line":49,"column":8}},"7":{"start":{"line":48,"column":39},"end":{"line":48,"column":48}},"8":{"start":{"line":51,"column":6},"end":{"line":53,"column":8}},"9":{"start":{"line":52,"column":8},"end":{"line":52,"column":59}},"10":{"start":{"line":52,"column":32},"end":{"line":52,"column":58}},"11":{"start":{"line":54,"column":6},"end":{"line":54,"column":24}}},"fnMap":{"0":{"name":"(anonymous_0)","decl":{"start":{"line":42,"column":24},"end":{"line":42,"column":25}},"loc":{"start":{"line":42,"column":46},"end":{"line":57,"column":1}},"line":42},"1":{"name":"(anonymous_1)","decl":{"start":{"line":48,"column":34},"end":{"line":48,"column":35}},"loc":{"start":{"line":48,"column":39},"end":{"line":48,"column":48}},"line":48},"2":{"name":"(anonymous_2)","decl":{"start":{"line":51,"column":35},"end":{"line":51,"column":36}},"loc":{"start":{"line":52,"column":8},"end":{"line":52,"column":59}},"line":52},"3":{"name":"(anonymous_3)","decl":{"start":{"line":52,"column":27},"end":{"line":52,"column":28}},"loc":{"start":{"line":52,"column":32},"end":{"line":52,"column":58}},"line":52}},"branchMap":{"0":{"loc":{"start":{"line":43,"column":2},"end":{"line":43,"column":35}},"type":"if","locations":[{"start":{"line":43,"column":2},"end":{"line":43,"column":35}},{"start":{},"end":{}}],"line":43},"1":{"loc":{"start":{"line":46,"column":4},"end":{"line":55,"column":5}},"type":"if","locations":[{"start":{"line":46,"column":4},"end":{"line":55,"column":5}},{"start":{},"end":{}}],"line":46}},"s":{"0":7,"1":7,"2":0,"3":0,"4":0,"5":0,"6":0,"7":0,"8":0,"9":0,"10":0,"11":0},"f":{"0":0,"1":0,"2":0,"3":0},"b":{"0":[0,0],"1":[0,0]},"_coverageSchema":"1a1c01bbd47fc00a2c39e90264f33305004495a9","hash":"6c595b4441840187005f7b8eb24f43cd8a3e5e81"}
,"C:\\Users\\hp\\Documents\\Ecomerce_website_with_deepseek-R1-4\\server\\routes\\auth.js": {"path":"C:\\Users\\hp\\Documents\\Ecomerce_website_with_deepseek-R1-4\\server\\routes\\auth.js","statementMap":{"0":{"start":{"line":3,"column":15},"end":{"line":3,"column":31}},"1":{"start":{"line":68,"column":0},"end":{"line":78,"column":3}},"2":{"start":{"line":69,"column":2},"end":{"line":77,"column":3}},"3":{"start":{"line":70,"column":38},"end":{"line":70,"column":46}},"4":{"start":{"line":71,"column":27},"end":{"line":71,"column":58}},"5":{"start":{"line":72,"column":17},"end":{"line":72,"column":68}},"6":{"start":{"line":73,"column":4},"end":{"line":73,"column":22}},"7":{"start":{"line":74,"column":4},"end":{"line":74,"column":55}},"8":{"start":{"line":76,"column":4},"end":{"line":76,"column":49}},"9":{"start":{"line":115,"column":0},"end":{"line":131,"column":3}},"10":{"start":{"line":116,"column":2},"end":{"line":130,"column":3}},"11":{"start":{"line":117,"column":32},"end":{"line":117,"column":40}},"12":{"start":{"line":118,"column":17},"end":{"line":118,"column":46}},"13":{"start":{"line":119,"column":4},"end":{"line":119,"column":77}},"14":{"start":{"line":119,"column":15},"end":{"line":119,"column":77}},"15":{"start":{"line":121,"column":20},"end":{"line":121,"column":65}},"16":{"start":{"line":122,"column":4},"end":{"line":122,"column":80}},"17":{"start":{"line":122,"column":18},"end":{"line":122,"column":80}},"18":{"start":{"line":124,"column":18},"end":{"line":126,"column":6}},"19":{"start":{"line":127,"column":4},"end":{"line":127,"column":24}},"20":{"start":{"line":129,"column":4},"end":{"line":129,"column":49}},"21":{"start":{"line":154,"column":0},"end":{"line":163,"column":3}},"22":{"start":{"line":155,"column":2},"end":{"line":162,"column":3}},"23":{"start":{"line":156,"column":18},"end":{"line":156,"column":57}},"24":{"start":{"line":157,"column":20},"end":{"line":157,"column":61}},"25":{"start":{"line":158,"column":17},"end":{"line":158,"column":72}},"26":{"start":{"line":159,"column":4},"end":{"line":159,"column":19}},"27":{"start":{"line":161,"column":4},"end":{"line":161,"column":52}}},"fnMap":{"0":{"name":"(anonymous_0)","decl":{"start":{"line":68,"column":25},"end":{"line":68,"column":26}},"loc":{"start":{"line":68,"column":45},"end":{"line":78,"column":1}},"line":68},"1":{"name":"(anonymous_1)","decl":{"start":{"line":115,"column":22},"end":{"line":115,"column":23}},"loc":{"start":{"line":115,"column":42},"end":{"line":131,"column":1}},"line":115},"2":{"name":"(anonymous_2)","decl":{"start":{"line":154,"column":23},"end":{"line":154,"column":24}},"loc":{"start":{"line":154,"column":43},"end":{"line":163,"column":1}},"line":154}},"branchMap":{"0":{"loc":{"start":{"line":119,"column":4},"end":{"line":119,"column":77}},"type":"if","locations":[{"start":{"line":119,"column":4},"end":{"line":119,"column":77}},{"start":{},"end":{}}],"line":119},"1":{"loc":{"start":{"line":122,"column":4},"end":{"line":122,"column":80}},"type":"if","locations":[{"start":{"line":122,"column":4},"end":{"line":122,"column":80}},{"start":{},"end":{}}],"line":122}},"s":{"0":7,"1":7,"2":0,"3":0,"4":0,"5":0,"6":0,"7":0,"8":0,"9":7,"10":0,"11":0,"12":0,"13":0,"14":0,"15":0,"16":0,"17":0,"18":0,"19":0,"20":0,"21":7,"22":0,"23":0,"24":0,"25":0,"26":0,"27":0},"f":{"0":0,"1":0,"2":0},"b":{"0":[0,0],"1":[0,0]},"_coverageSchema":"1a1c01bbd47fc00a2c39e90264f33305004495a9","hash":"957b34fcabb651be5766d4d08a6edff445937241"}
,"C:\\Users\\hp\\Documents\\Ecomerce_website_with_deepseek-R1-4\\server\\routes\\orders.js": {"path":"C:\\Users\\hp\\Documents\\Ecomerce_website_with_deepseek-R1-4\\server\\routes\\orders.js","statementMap":{"0":{"start":{"line":8,"column":15},"end":{"line":8,"column":31}},"1":{"start":{"line":9,"column":21},"end":{"line":9,"column":52}},"2":{"start":{"line":18,"column":0},"end":{"line":18,"column":43}},"3":{"start":{"line":43,"column":0},"end":{"line":54,"column":3}},"4":{"start":{"line":44,"column":2},"end":{"line":53,"column":3}},"5":{"start":{"line":45,"column":18},"end":{"line":49,"column":5}},"6":{"start":{"line":50,"column":4},"end":{"line":50,"column":32}},"7":{"start":{"line":52,"column":4},"end":{"line":52,"column":64}}},"fnMap":{"0":{"name":"(anonymous_0)","decl":{"start":{"line":43,"column":17},"end":{"line":43,"column":18}},"loc":{"start":{"line":43,"column":37},"end":{"line":54,"column":1}},"line":43}},"branchMap":{},"s":{"0":7,"1":7,"2":7,"3":7,"4":0,"5":0,"6":0,"7":0},"f":{"0":0},"b":{},"_coverageSchema":"1a1c01bbd47fc00a2c39e90264f33305004495a9","hash":"8944925446febc3099e0c078a4cfbfc08b4fe9d7"}
,"C:\\Users\\hp\\Documents\\Ecomerce_website_with_deepseek-R1-4\\server\\routes\\products.js": {"path":"C:\\Users\\hp\\Documents\\Ecomerce_website_with_deepseek-R1-4\\server\\routes\\products.js","statementMap":{"0":{"start":{"line":4,"column":15},"end":{"line":4,"column":31}},"1":{"start":{"line":15,"column":25},"end":{"line":23,"column":1}},"2":{"start":{"line":16,"column":2},"end":{"line":21,"column":3}},"3":{"start":{"line":17,"column":4},"end":{"line":20,"column":7}},"4":{"start":{"line":22,"column":2},"end":{"line":22,"column":9}},"5":{"start":{"line":73,"column":0},"end":{"line":101,"column":3}},"6":{"start":{"line":74,"column":2},"end":{"line":100,"column":3}},"7":{"start":{"line":75,"column":58},"end":{"line":75,"column":67}},"8":{"start":{"line":77,"column":21},"end":{"line":81,"column":21}},"9":{"start":{"line":83,"column":18},"end":{"line":83,"column":48}},"10":{"start":{"line":85,"column":4},"end":{"line":93,"column":7}},"11":{"start":{"line":95,"column":4},"end":{"line":99,"column":7}},"12":{"start":{"line":151,"column":0},"end":{"line":178,"column":3}},"13":{"start":{"line":152,"column":2},"end":{"line":177,"column":3}},"14":{"start":{"line":153,"column":20},"end":{"line":155,"column":13}},"15":{"start":{"line":157,"column":4},"end":{"line":163,"column":5}},"16":{"start":{"line":158,"column":6},"end":{"line":162,"column":9}},"17":{"start":{"line":165,"column":4},"end":{"line":169,"column":7}},"18":{"start":{"line":172,"column":4},"end":{"line":176,"column":7}},"19":{"start":{"line":233,"column":0},"end":{"line":233,"column":24}}},"fnMap":{"0":{"name":"(anonymous_0)","decl":{"start":{"line":15,"column":25},"end":{"line":15,"column":26}},"loc":{"start":{"line":15,"column":45},"end":{"line":23,"column":1}},"line":15},"1":{"name":"(anonymous_1)","decl":{"start":{"line":73,"column":16},"end":{"line":73,"column":17}},"loc":{"start":{"line":73,"column":36},"end":{"line":101,"column":1}},"line":73},"2":{"name":"(anonymous_2)","decl":{"start":{"line":151,"column":37},"end":{"line":151,"column":38}},"loc":{"start":{"line":151,"column":57},"end":{"line":178,"column":1}},"line":151}},"branchMap":{"0":{"loc":{"start":{"line":16,"column":2},"end":{"line":21,"column":3}},"type":"if","locations":[{"start":{"line":16,"column":2},"end":{"line":21,"column":3}},{"start":{},"end":{}}],"line":16},"1":{"loc":{"start":{"line":75,"column":12},"end":{"line":75,"column":20}},"type":"default-arg","locations":[{"start":{"line":75,"column":19},"end":{"line":75,"column":20}}],"line":75},"2":{"loc":{"start":{"line":75,"column":22},"end":{"line":75,"column":32}},"type":"default-arg","locations":[{"start":{"line":75,"column":30},"end":{"line":75,"column":32}}],"line":75},"3":{"loc":{"start":{"line":75,"column":34},"end":{"line":75,"column":53}},"type":"default-arg","locations":[{"start":{"line":75,"column":41},"end":{"line":75,"column":53}}],"line":75},"4":{"loc":{"start":{"line":98,"column":15},"end":{"line":98,"column":79}},"type":"cond-expr","locations":[{"start":{"line":98,"column":56},"end":{"line":98,"column":67}},{"start":{"line":98,"column":70},"end":{"line":98,"column":79}}],"line":98},"5":{"loc":{"start":{"line":157,"column":4},"end":{"line":163,"column":5}},"type":"if","locations":[{"start":{"line":157,"column":4},"end":{"line":163,"column":5}},{"start":{},"end":{}}],"line":157},"6":{"loc":{"start":{"line":175,"column":15},"end":{"line":175,"column":79}},"type":"cond-expr","locations":[{"start":{"line":175,"column":56},"end":{"line":175,"column":67}},{"start":{"line":175,"column":70},"end":{"line":175,"column":79}}],"line":175}},"s":{"0":7,"1":7,"2":0,"3":0,"4":0,"5":7,"6":0,"7":0,"8":0,"9":0,"10":0,"11":0,"12":7,"13":0,"14":0,"15":0,"16":0,"17":0,"18":0,"19":7},"f":{"0":0,"1":0,"2":0},"b":{"0":[0,0],"1":[0],"2":[0],"3":[0],"4":[0,0],"5":[0,0],"6":[0,0]},"_coverageSchema":"1a1c01bbd47fc00a2c39e90264f33305004495a9","hash":"ebc5aff2f6b4cb8eb0376029792375abf779e225"}
,"C:\\Users\\hp\\Documents\\Ecomerce_website_with_deepseek-R1-4\\server\\services\\AuthService.js": {"path":"C:\\Users\\hp\\Documents\\Ecomerce_website_with_deepseek-R1-4\\server\\services\\AuthService.js","statementMap":{},"fnMap":{"0":{"name":"(anonymous_0)","decl":{"start":{"line":4,"column":2},"end":{"line":4,"column":3}},"loc":{"start":{"line":4,"column":19},"end":{"line":4,"column":21}},"line":4},"1":{"name":"(anonymous_1)","decl":{"start":{"line":5,"column":2},"end":{"line":5,"column":3}},"loc":{"start":{"line":5,"column":16},"end":{"line":5,"column":18}},"line":5}},"branchMap":{},"s":{},"f":{"0":0,"1":0},"b":{},"_coverageSchema":"1a1c01bbd47fc00a2c39e90264f33305004495a9","hash":"503e382754f223e1714ca8613d80cc96163ce1a9"}
,"C:\\Users\\hp\\Documents\\Ecomerce_website_with_deepseek-R1-4\\server\\services\\CacheService.js": {"path":"C:\\Users\\hp\\Documents\\Ecomerce_website_with_deepseek-R1-4\\server\\services\\CacheService.js","statementMap":{"0":{"start":{"line":7,"column":4},"end":{"line":10,"column":5}},"1":{"start":{"line":8,"column":6},"end":{"line":8,"column":28}},"2":{"start":{"line":9,"column":6},"end":{"line":9,"column":13}},"3":{"start":{"line":12,"column":4},"end":{"line":14,"column":7}},"4":{"start":{"line":16,"column":4},"end":{"line":20,"column":7}},"5":{"start":{"line":17,"column":6},"end":{"line":19,"column":7}},"6":{"start":{"line":18,"column":8},"end":{"line":18,"column":43}},"7":{"start":{"line":22,"column":4},"end":{"line":22,"column":31}},"8":{"start":{"line":25,"column":4},"end":{"line":27,"column":5}},"9":{"start":{"line":26,"column":6},"end":{"line":26,"column":28}},"10":{"start":{"line":31,"column":18},"end":{"line":31,"column":67}},"11":{"start":{"line":32,"column":4},"end":{"line":32,"column":44}},"12":{"start":{"line":36,"column":4},"end":{"line":40,"column":6}},"13":{"start":{"line":44,"column":17},"end":{"line":44,"column":71}},"14":{"start":{"line":45,"column":4},"end":{"line":45,"column":49}},"15":{"start":{"line":45,"column":21},"end":{"line":45,"column":49}}},"fnMap":{"0":{"name":"(anonymous_0)","decl":{"start":{"line":5,"column":2},"end":{"line":5,"column":3}},"loc":{"start":{"line":5,"column":36},"end":{"line":28,"column":3}},"line":5},"1":{"name":"(anonymous_1)","decl":{"start":{"line":16,"column":28},"end":{"line":16,"column":29}},"loc":{"start":{"line":16,"column":35},"end":{"line":20,"column":5}},"line":16},"2":{"name":"(anonymous_2)","decl":{"start":{"line":30,"column":2},"end":{"line":30,"column":3}},"loc":{"start":{"line":30,"column":17},"end":{"line":33,"column":3}},"line":30},"3":{"name":"(anonymous_3)","decl":{"start":{"line":35,"column":2},"end":{"line":35,"column":3}},"loc":{"start":{"line":35,"column":36},"end":{"line":41,"column":3}},"line":35},"4":{"name":"(anonymous_4)","decl":{"start":{"line":43,"column":2},"end":{"line":43,"column":3}},"loc":{"start":{"line":43,"column":34},"end":{"line":46,"column":3}},"line":43}},"branchMap":{"0":{"loc":{"start":{"line":5,"column":14},"end":{"line":5,"column":34}},"type":"default-arg","locations":[{"start":{"line":5,"column":26},"end":{"line":5,"column":34}}],"line":5},"1":{"loc":{"start":{"line":7,"column":4},"end":{"line":10,"column":5}},"type":"if","locations":[{"start":{"line":7,"column":4},"end":{"line":10,"column":5}},{"start":{},"end":{}}],"line":7},"2":{"loc":{"start":{"line":13,"column":11},"end":{"line":13,"column":60}},"type":"binary-expr","locations":[{"start":{"line":13,"column":11},"end":{"line":13,"column":32}},{"start":{"line":13,"column":36},"end":{"line":13,"column":60}}],"line":13},"3":{"loc":{"start":{"line":17,"column":6},"end":{"line":19,"column":7}},"type":"if","locations":[{"start":{"line":17,"column":6},"end":{"line":19,"column":7}},{"start":{},"end":{}}],"line":17},"4":{"loc":{"start":{"line":25,"column":4},"end":{"line":27,"column":5}},"type":"if","locations":[{"start":{"line":25,"column":4},"end":{"line":27,"column":5}},{"start":{},"end":{}}],"line":25},"5":{"loc":{"start":{"line":32,"column":11},"end":{"line":32,"column":43}},"type":"cond-expr","locations":[{"start":{"line":32,"column":19},"end":{"line":32,"column":36}},{"start":{"line":32,"column":39},"end":{"line":32,"column":43}}],"line":32},"6":{"loc":{"start":{"line":35,"column":24},"end":{"line":35,"column":34}},"type":"default-arg","locations":[{"start":{"line":35,"column":30},"end":{"line":35,"column":34}}],"line":35},"7":{"loc":{"start":{"line":43,"column":19},"end":{"line":43,"column":32}},"type":"default-arg","locations":[{"start":{"line":43,"column":29},"end":{"line":43,"column":32}}],"line":43},"8":{"loc":{"start":{"line":45,"column":4},"end":{"line":45,"column":49}},"type":"if","locations":[{"start":{"line":45,"column":4},"end":{"line":45,"column":49}},{"start":{},"end":{}}],"line":45}},"s":{"0":0,"1":0,"2":0,"3":0,"4":0,"5":0,"6":0,"7":0,"8":0,"9":0,"10":0,"11":0,"12":0,"13":0,"14":0,"15":0},"f":{"0":0,"1":0,"2":0,"3":0,"4":0},"b":{"0":[0],"1":[0,0],"2":[0,0],"3":[0,0],"4":[0,0],"5":[0,0],"6":[0],"7":[0],"8":[0,0]},"_coverageSchema":"1a1c01bbd47fc00a2c39e90264f33305004495a9","hash":"6e803bbc405c88d5a013230219f12444b4c05c1e"}
,"C:\\Users\\hp\\Documents\\Ecomerce_website_with_deepseek-R1-4\\server\\services\\InventoryRepository.js": {"path":"C:\\Users\\hp\\Documents\\Ecomerce_website_with_deepseek-R1-4\\server\\services\\InventoryRepository.js","statementMap":{"0":{"start":{"line":5,"column":4},"end":{"line":5,"column":46}}},"fnMap":{"0":{"name":"(anonymous_0)","decl":{"start":{"line":3,"column":2},"end":{"line":3,"column":3}},"loc":{"start":{"line":3,"column":49},"end":{"line":6,"column":3}},"line":3}},"branchMap":{},"s":{"0":0},"f":{"0":0},"b":{},"_coverageSchema":"1a1c01bbd47fc00a2c39e90264f33305004495a9","hash":"bff0d1b8cd069940f8efbf1c3341a6d4e41ab4f5"}
,"C:\\Users\\hp\\Documents\\Ecomerce_website_with_deepseek-R1-4\\server\\services\\OrderService.js": {"path":"C:\\Users\\hp\\Documents\\Ecomerce_website_with_deepseek-R1-4\\server\\services\\OrderService.js","statementMap":{"0":{"start":{"line":14,"column":4},"end":{"line":14,"column":25}},"1":{"start":{"line":15,"column":4},"end":{"line":15,"column":41}},"2":{"start":{"line":16,"column":4},"end":{"line":16,"column":51}},"3":{"start":{"line":20,"column":20},"end":{"line":20,"column":46}},"4":{"start":{"line":21,"column":4},"end":{"line":21,"column":31}},"5":{"start":{"line":23,"column":4},"end":{"line":93,"column":5}},"6":{"start":{"line":25,"column":23},"end":{"line":27,"column":25}},"7":{"start":{"line":26,"column":42},"end":{"line":26,"column":54}},"8":{"start":{"line":29,"column":25},"end":{"line":43,"column":8}},"9":{"start":{"line":30,"column":25},"end":{"line":32,"column":18}},"10":{"start":{"line":31,"column":18},"end":{"line":31,"column":68}},"11":{"start":{"line":34,"column":8},"end":{"line":36,"column":9}},"12":{"start":{"line":35,"column":10},"end":{"line":35,"column":68}},"13":{"start":{"line":38,"column":8},"end":{"line":42,"column":10}},"14":{"start":{"line":46,"column":20},"end":{"line":49,"column":7}},"15":{"start":{"line":47,"column":23},"end":{"line":47,"column":67}},"16":{"start":{"line":52,"column":20},"end":{"line":58,"column":8}},"17":{"start":{"line":61,"column":22},"end":{"line":61,"column":69}},"18":{"start":{"line":62,"column":6},"end":{"line":62,"column":35}},"19":{"start":{"line":63,"column":6},"end":{"line":63,"column":43}},"20":{"start":{"line":66,"column":6},"end":{"line":72,"column":10}},"21":{"start":{"line":67,"column":8},"end":{"line":71,"column":10}},"22":{"start":{"line":75,"column":6},"end":{"line":79,"column":8}},"23":{"start":{"line":81,"column":6},"end":{"line":81,"column":36}},"24":{"start":{"line":82,"column":6},"end":{"line":82,"column":40}},"25":{"start":{"line":85,"column":6},"end":{"line":85,"column":68}},"26":{"start":{"line":87,"column":6},"end":{"line":87,"column":19}},"27":{"start":{"line":89,"column":6},"end":{"line":89,"column":39}},"28":{"start":{"line":90,"column":6},"end":{"line":90,"column":18}},"29":{"start":{"line":92,"column":6},"end":{"line":92,"column":27}}},"fnMap":{"0":{"name":"(anonymous_0)","decl":{"start":{"line":9,"column":2},"end":{"line":9,"column":3}},"loc":{"start":{"line":13,"column":4},"end":{"line":17,"column":3}},"line":13},"1":{"name":"(anonymous_1)","decl":{"start":{"line":19,"column":2},"end":{"line":19,"column":3}},"loc":{"start":{"line":19,"column":56},"end":{"line":94,"column":3}},"line":19},"2":{"name":"(anonymous_2)","decl":{"start":{"line":26,"column":34},"end":{"line":26,"column":35}},"loc":{"start":{"line":26,"column":42},"end":{"line":26,"column":54}},"line":26},"3":{"name":"(anonymous_3)","decl":{"start":{"line":29,"column":38},"end":{"line":29,"column":39}},"loc":{"start":{"line":29,"column":49},"end":{"line":43,"column":7}},"line":29},"4":{"name":"(anonymous_4)","decl":{"start":{"line":31,"column":10},"end":{"line":31,"column":11}},"loc":{"start":{"line":31,"column":18},"end":{"line":31,"column":68}},"line":31},"5":{"name":"(anonymous_5)","decl":{"start":{"line":47,"column":8},"end":{"line":47,"column":9}},"loc":{"start":{"line":47,"column":23},"end":{"line":47,"column":67}},"line":47},"6":{"name":"(anonymous_6)","decl":{"start":{"line":66,"column":39},"end":{"line":66,"column":40}},"loc":{"start":{"line":66,"column":53},"end":{"line":72,"column":7}},"line":66}},"branchMap":{"0":{"loc":{"start":{"line":10,"column":4},"end":{"line":10,"column":20}},"type":"default-arg","locations":[{"start":{"line":10,"column":13},"end":{"line":10,"column":20}}],"line":10},"1":{"loc":{"start":{"line":11,"column":4},"end":{"line":11,"column":41}},"type":"default-arg","locations":[{"start":{"line":11,"column":21},"end":{"line":11,"column":41}}],"line":11},"2":{"loc":{"start":{"line":12,"column":4},"end":{"line":12,"column":51}},"type":"default-arg","locations":[{"start":{"line":12,"column":26},"end":{"line":12,"column":51}}],"line":12},"3":{"loc":{"start":{"line":34,"column":8},"end":{"line":36,"column":9}},"type":"if","locations":[{"start":{"line":34,"column":8},"end":{"line":36,"column":9}},{"start":{},"end":{}}],"line":34}},"s":{"0":0,"1":0,"2":0,"3":0,"4":0,"5":0,"6":0,"7":0,"8":0,"9":0,"10":0,"11":0,"12":0,"13":0,"14":0,"15":0,"16":0,"17":0,"18":0,"19":0,"20":0,"21":0,"22":0,"23":0,"24":0,"25":0,"26":0,"27":0,"28":0,"29":0},"f":{"0":0,"1":0,"2":0,"3":0,"4":0,"5":0,"6":0},"b":{"0":[0],"1":[0],"2":[0],"3":[0,0]},"_coverageSchema":"1a1c01bbd47fc00a2c39e90264f33305004495a9","hash":"6f6ab988f3a80ed4200010f89c8da113fd080b12"}
,"C:\\Users\\hp\\Documents\\Ecomerce_website_with_deepseek-R1-4\\server\\services\\PaymentService.js": {"path":"C:\\Users\\hp\\Documents\\Ecomerce_website_with_deepseek-R1-4\\server\\services\\PaymentService.js","statementMap":{"0":{"start":{"line":7,"column":4},"end":{"line":9,"column":7}},"1":{"start":{"line":19,"column":4},"end":{"line":21,"column":5}},"2":{"start":{"line":20,"column":6},"end":{"line":20,"column":56}},"3":{"start":{"line":22,"column":4},"end":{"line":37,"column":5}},"4":{"start":{"line":23,"column":28},"end":{"line":28,"column":8}},"5":{"start":{"line":30,"column":6},"end":{"line":34,"column":8}},"6":{"start":{"line":36,"column":6},"end":{"line":36,"column":77}},"7":{"start":{"line":47,"column":4},"end":{"line":60,"column":5}},"8":{"start":{"line":48,"column":21},"end":{"line":51,"column":8}},"9":{"start":{"line":53,"column":6},"end":{"line":57,"column":8}},"10":{"start":{"line":59,"column":6},"end":{"line":59,"column":76}}},"fnMap":{"0":{"name":"(anonymous_0)","decl":{"start":{"line":6,"column":2},"end":{"line":6,"column":3}},"loc":{"start":{"line":6,"column":16},"end":{"line":10,"column":3}},"line":6},"1":{"name":"(anonymous_1)","decl":{"start":{"line":18,"column":2},"end":{"line":18,"column":3}},"loc":{"start":{"line":18,"column":67},"end":{"line":38,"column":3}},"line":18},"2":{"name":"(anonymous_2)","decl":{"start":{"line":46,"column":2},"end":{"line":46,"column":3}},"loc":{"start":{"line":46,"column":47},"end":{"line":61,"column":3}},"line":46}},"branchMap":{"0":{"loc":{"start":{"line":18,"column":31},"end":{"line":18,"column":65}},"type":"default-arg","locations":[{"start":{"line":18,"column":45},"end":{"line":18,"column":65}}],"line":18},"1":{"loc":{"start":{"line":19,"column":4},"end":{"line":21,"column":5}},"type":"if","locations":[{"start":{"line":19,"column":4},"end":{"line":21,"column":5}},{"start":{},"end":{}}],"line":19}},"s":{"0":0,"1":0,"2":0,"3":0,"4":0,"5":0,"6":0,"7":0,"8":0,"9":0,"10":0},"f":{"0":0,"1":0,"2":0},"b":{"0":[0],"1":[0,0]},"_coverageSchema":"1a1c01bbd47fc00a2c39e90264f33305004495a9","hash":"c22e07c66bd0570fe0466edd958c9052bd32d76a"}
,"C:\\Users\\hp\\Documents\\Ecomerce_website_with_deepseek-R1-4\\server\\services\\ProductService.js": {"path":"C:\\Users\\hp\\Documents\\Ecomerce_website_with_deepseek-R1-4\\server\\services\\ProductService.js","statementMap":{"0":{"start":{"line":12,"column":4},"end":{"line":12,"column":51}},"1":{"start":{"line":13,"column":4},"end":{"line":13,"column":46}},"2":{"start":{"line":17,"column":20},"end":{"line":17,"column":44}},"3":{"start":{"line":19,"column":4},"end":{"line":22,"column":6}},"4":{"start":{"line":24,"column":4},"end":{"line":24,"column":25}},"5":{"start":{"line":25,"column":4},"end":{"line":25,"column":33}},"6":{"start":{"line":26,"column":4},"end":{"line":26,"column":19}},"7":{"start":{"line":30,"column":20},"end":{"line":30,"column":53}},"8":{"start":{"line":32,"column":4},"end":{"line":34,"column":5}},"9":{"start":{"line":33,"column":6},"end":{"line":33,"column":43}},"10":{"start":{"line":36,"column":21},"end":{"line":36,"column":42}},"11":{"start":{"line":37,"column":4},"end":{"line":39,"column":5}},"12":{"start":{"line":38,"column":6},"end":{"line":38,"column":44}},"13":{"start":{"line":41,"column":4},"end":{"line":41,"column":29}},"14":{"start":{"line":42,"column":4},"end":{"line":42,"column":25}},"15":{"start":{"line":44,"column":4},"end":{"line":44,"column":50}},"16":{"start":{"line":45,"column":4},"end":{"line":45,"column":33}},"17":{"start":{"line":47,"column":4},"end":{"line":47,"column":19}},"18":{"start":{"line":51,"column":21},"end":{"line":51,"column":75}},"19":{"start":{"line":52,"column":19},"end":{"line":52,"column":49}},"20":{"start":{"line":54,"column":4},"end":{"line":54,"column":30}},"21":{"start":{"line":54,"column":16},"end":{"line":54,"column":30}},"22":{"start":{"line":56,"column":18},"end":{"line":59,"column":13}},"23":{"start":{"line":61,"column":30},"end":{"line":64,"column":6}},"24":{"start":{"line":66,"column":19},"end":{"line":74,"column":5}},"25":{"start":{"line":76,"column":4},"end":{"line":76,"column":48}},"26":{"start":{"line":77,"column":4},"end":{"line":77,"column":18}}},"fnMap":{"0":{"name":"(anonymous_0)","decl":{"start":{"line":11,"column":2},"end":{"line":11,"column":3}},"loc":{"start":{"line":11,"column":16},"end":{"line":14,"column":3}},"line":11},"1":{"name":"(anonymous_1)","decl":{"start":{"line":16,"column":2},"end":{"line":16,"column":3}},"loc":{"start":{"line":16,"column":35},"end":{"line":27,"column":3}},"line":16},"2":{"name":"(anonymous_2)","decl":{"start":{"line":29,"column":2},"end":{"line":29,"column":3}},"loc":{"start":{"line":29,"column":38},"end":{"line":48,"column":3}},"line":29},"3":{"name":"(anonymous_3)","decl":{"start":{"line":50,"column":2},"end":{"line":50,"column":3}},"loc":{"start":{"line":50,"column":69},"end":{"line":78,"column":3}},"line":50}},"branchMap":{"0":{"loc":{"start":{"line":32,"column":4},"end":{"line":34,"column":5}},"type":"if","locations":[{"start":{"line":32,"column":4},"end":{"line":34,"column":5}},{"start":{},"end":{}}],"line":32},"1":{"loc":{"start":{"line":37,"column":4},"end":{"line":39,"column":5}},"type":"if","locations":[{"start":{"line":37,"column":4},"end":{"line":39,"column":5}},{"start":{},"end":{}}],"line":37},"2":{"loc":{"start":{"line":50,"column":31},"end":{"line":50,"column":39}},"type":"default-arg","locations":[{"start":{"line":50,"column":38},"end":{"line":50,"column":39}}],"line":50},"3":{"loc":{"start":{"line":50,"column":41},"end":{"line":50,"column":51}},"type":"default-arg","locations":[{"start":{"line":50,"column":49},"end":{"line":50,"column":51}}],"line":50},"4":{"loc":{"start":{"line":50,"column":53},"end":{"line":50,"column":65}},"type":"default-arg","locations":[{"start":{"line":50,"column":63},"end":{"line":50,"column":65}}],"line":50},"5":{"loc":{"start":{"line":54,"column":4},"end":{"line":54,"column":30}},"type":"if","locations":[{"start":{"line":54,"column":4},"end":{"line":54,"column":30}},{"start":{},"end":{}}],"line":54}},"s":{"0":0,"1":0,"2":0,"3":0,"4":0,"5":0,"6":0,"7":0,"8":0,"9":0,"10":0,"11":0,"12":0,"13":0,"14":0,"15":0,"16":0,"17":0,"18":0,"19":0,"20":0,"21":0,"22":0,"23":0,"24":0,"25":0,"26":0},"f":{"0":0,"1":0,"2":0,"3":0},"b":{"0":[0,0],"1":[0,0],"2":[0],"3":[0],"4":[0],"5":[0,0]},"_coverageSchema":"1a1c01bbd47fc00a2c39e90264f33305004495a9","hash":"6c9e3dd4b6cff7740e56573a56dc351796835458"}
,"C:\\Users\\hp\\Documents\\Ecomerce_website_with_deepseek-R1-4\\server\\utils\\APIResponse.js": {"path":"C:\\Users\\hp\\Documents\\Ecomerce_website_with_deepseek-R1-4\\server\\utils\\APIResponse.js","statementMap":{"0":{"start":{"line":20,"column":4},"end":{"line":23,"column":7}},"1":{"start":{"line":34,"column":21},"end":{"line":40,"column":5}},"2":{"start":{"line":42,"column":4},"end":{"line":48,"column":5}},"3":{"start":{"line":43,"column":6},"end":{"line":47,"column":8}},"4":{"start":{"line":50,"column":4},"end":{"line":50,"column":49}}},"fnMap":{"0":{"name":"(anonymous_0)","decl":{"start":{"line":19,"column":2},"end":{"line":19,"column":3}},"loc":{"start":{"line":19,"column":46},"end":{"line":24,"column":3}},"line":19},"1":{"name":"(anonymous_1)","decl":{"start":{"line":33,"column":2},"end":{"line":33,"column":3}},"loc":{"start":{"line":33,"column":61},"end":{"line":51,"column":3}},"line":33}},"branchMap":{"0":{"loc":{"start":{"line":19,"column":28},"end":{"line":19,"column":44}},"type":"default-arg","locations":[{"start":{"line":19,"column":41},"end":{"line":19,"column":44}}],"line":19},"1":{"loc":{"start":{"line":22,"column":12},"end":{"line":22,"column":53}},"type":"cond-expr","locations":[{"start":{"line":22,"column":42},"end":{"line":22,"column":46}},{"start":{"line":22,"column":49},"end":{"line":22,"column":53}}],"line":22},"2":{"loc":{"start":{"line":33,"column":29},"end":{"line":33,"column":45}},"type":"default-arg","locations":[{"start":{"line":33,"column":42},"end":{"line":33,"column":45}}],"line":33},"3":{"loc":{"start":{"line":33,"column":47},"end":{"line":33,"column":59}},"type":"default-arg","locations":[{"start":{"line":33,"column":55},"end":{"line":33,"column":59}}],"line":33},"4":{"loc":{"start":{"line":42,"column":4},"end":{"line":48,"column":5}},"type":"if","locations":[{"start":{"line":42,"column":4},"end":{"line":48,"column":5}},{"start":{},"end":{}}],"line":42},"5":{"loc":{"start":{"line":42,"column":8},"end":{"line":42,"column":55}},"type":"binary-expr","locations":[{"start":{"line":42,"column":8},"end":{"line":42,"column":13}},{"start":{"line":42,"column":17},"end":{"line":42,"column":55}}],"line":42},"6":{"loc":{"start":{"line":46,"column":12},"end":{"line":46,"column":62}},"type":"binary-expr","locations":[{"start":{"line":46,"column":12},"end":{"line":46,"column":24}},{"start":{"line":46,"column":28},"end":{"line":46,"column":62}}],"line":46}},"s":{"0":0,"1":0,"2":0,"3":0,"4":0},"f":{"0":0,"1":0},"b":{"0":[0],"1":[0,0],"2":[0],"3":[0],"4":[0,0],"5":[0,0],"6":[0,0]},"_coverageSchema":"1a1c01bbd47fc00a2c39e90264f33305004495a9","hash":"3cd95f226ed376e35aeaaff3d3a7bc49f8b91d4a"}
}
