TN:
SF:app.js
FN:14,createApp
FN:49,(anonymous_1)
FN:50,(anonymous_2)
FNF:3
FNH:1
FNDA:7,createApp
FNDA:0,(anonymous_1)
FNDA:0,(anonymous_2)
DA:12,7
DA:15,7
DA:17,7
DA:19,7
DA:22,7
DA:23,7
DA:24,7
DA:27,7
DA:33,7
DA:34,7
DA:35,7
DA:38,7
DA:40,7
DA:41,7
DA:45,7
DA:48,7
DA:49,0
DA:50,0
DA:51,0
LF:19
LH:16
BRDA:15,0,0,0
BRDA:15,0,1,7
BRDA:48,1,0,0
BRDA:48,1,1,7
BRF:4
BRH:2
end_of_record
TN:
SF:config\di.js
FN:11,(anonymous_0)
FN:38,(anonymous_1)
FN:42,(anonymous_2)
FNF:3
FNH:2
FNDA:7,(anonymous_0)
FNDA:7,(anonymous_1)
FNDA:0,(anonymous_2)
DA:13,7
DA:16,0
DA:17,0
DA:18,0
DA:21,0
DA:43,0
DA:47,7
LF:7
LH:2
BRDA:13,0,0,7
BRDA:13,0,1,0
BRDA:43,1,0,0
BRDA:43,1,1,0
BRF:4
BRH:1
end_of_record
TN:
SF:config\env.js
FNF:0
FNH:0
DA:5,7
DA:7,7
DA:45,7
DA:47,7
DA:48,0
LF:5
LH:4
BRDA:47,0,0,0
BRDA:47,0,1,7
BRDA:75,1,0,0
BRDA:75,1,1,7
BRF:4
BRH:2
end_of_record
TN:
SF:lib\logger.js
FN:12,(anonymous_0)
FN:42,(anonymous_1)
FN:56,(anonymous_2)
FNF:3
FNH:2
FNDA:0,(anonymous_0)
FNDA:16,(anonymous_1)
FNDA:16,(anonymous_2)
DA:5,7
DA:8,7
DA:12,0
DA:26,7
DA:42,7
DA:43,16
DA:44,16
DA:46,16
DA:56,16
DA:57,16
DA:67,16
LF:11
LH:10
BRDA:18,0,0,0
BRDA:18,0,1,0
BRDA:19,1,0,0
BRDA:19,1,1,0
BRDA:21,2,0,0
BRDA:21,2,1,0
BRDA:27,3,0,7
BRDA:27,3,1,7
BRDA:62,4,0,16
BRDA:62,4,1,0
BRF:10
BRH:3
end_of_record
TN:
SF:lib\redis.js
FN:6,(anonymous_0)
FN:7,(anonymous_1)
FN:8,(anonymous_2)
FN:9,(anonymous_3)
FN:17,(anonymous_4)
FN:18,(anonymous_5)
FN:19,(anonymous_6)
FN:20,(anonymous_7)
FNF:8
FNH:3
FNDA:7,(anonymous_0)
FNDA:7,(anonymous_1)
FNDA:13,(anonymous_2)
FNDA:0,(anonymous_3)
FNDA:0,(anonymous_4)
FNDA:0,(anonymous_5)
FNDA:0,(anonymous_6)
FNDA:0,(anonymous_7)
DA:4,7
DA:6,7
DA:7,7
DA:8,13
DA:15,7
DA:16,0
DA:17,0
DA:18,0
DA:19,0
DA:20,0
LF:10
LH:5
BRDA:4,0,0,7
BRDA:4,0,1,0
BRDA:12,1,0,0
BRDA:12,1,1,0
BRDA:15,2,0,0
BRDA:15,2,1,7
BRF:6
BRH:2
end_of_record
TN:
SF:lib\swagger.js
FNF:0
FNH:0
DA:5,7
DA:27,7
DA:29,7
LF:3
LH:3
BRF:0
BRH:0
end_of_record
TN:
SF:lib\errors\AppError.js
FN:3,(anonymous_0)
FN:12,(anonymous_1)
FN:19,(anonymous_2)
FNF:3
FNH:0
FNDA:0,(anonymous_0)
FNDA:0,(anonymous_1)
FNDA:0,(anonymous_2)
DA:4,0
DA:5,0
DA:6,0
DA:7,0
DA:13,0
DA:14,0
DA:20,0
DA:21,0
LF:8
LH:0
BRDA:3,0,0,0
BRF:1
BRH:0
end_of_record
TN:
SF:middlewares\auth.js
FN:13,(anonymous_0)
FN:42,(anonymous_1)
FN:43,(anonymous_2)
FN:55,(anonymous_3)
FN:56,(anonymous_4)
FNF:5
FNH:0
FNDA:0,(anonymous_0)
FNDA:0,(anonymous_1)
FNDA:0,(anonymous_2)
FNDA:0,(anonymous_3)
FNDA:0,(anonymous_4)
DA:13,7
DA:14,0
DA:16,0
DA:17,0
DA:20,0
DA:22,0
DA:23,0
DA:24,0
DA:28,0
DA:29,0
DA:32,0
DA:33,0
DA:35,0
DA:42,7
DA:43,0
DA:44,0
DA:45,0
DA:48,0
DA:55,7
DA:56,0
DA:57,0
DA:58,0
DA:61,0
LF:23
LH:3
BRDA:16,0,0,0
BRDA:16,0,1,0
BRDA:28,1,0,0
BRDA:28,1,1,0
BRDA:44,2,0,0
BRDA:44,2,1,0
BRDA:57,3,0,0
BRDA:57,3,1,0
BRDA:57,4,0,0
BRDA:57,4,1,0
BRF:10
BRH:0
end_of_record
TN:
SF:middlewares\errorHandler.js
FN:8,(anonymous_0)
FNF:1
FNH:1
FNDA:16,(anonymous_0)
DA:6,7
DA:8,7
DA:9,16
DA:18,16
DA:19,16
DA:30,16
LF:6
LH:6
BRDA:6,0,0,7
BRDA:6,0,1,0
BRDA:10,1,0,16
BRDA:10,1,1,16
BRDA:11,2,0,0
BRDA:11,2,1,16
BRDA:12,3,0,16
BRDA:12,3,1,0
BRDA:18,4,0,16
BRDA:18,4,1,0
BRF:10
BRH:6
end_of_record
TN:
SF:middlewares\rateLimiter.js
FN:8,(anonymous_0)
FNF:1
FNH:1
FNDA:16,(anonymous_0)
DA:5,7
DA:6,7
DA:8,7
DA:9,16
DA:10,16
DA:12,16
DA:13,16
DA:15,0
DA:16,0
DA:19,0
DA:24,0
DA:29,0
DA:31,16
LF:13
LH:8
BRDA:9,0,0,16
BRDA:9,0,1,0
BRDA:13,1,0,16
BRDA:13,1,1,0
BRDA:15,2,0,0
BRDA:15,2,1,0
BRF:6
BRH:2
end_of_record
TN:
SF:models\Order.js
FN:61,(anonymous_0)
FN:70,(anonymous_1)
FNF:2
FNH:0
FNDA:0,(anonymous_0)
FNDA:0,(anonymous_1)
DA:4,7
DA:61,7
DA:62,0
DA:70,7
DA:71,0
DA:72,0
DA:73,0
DA:76,0
DA:79,7
LF:9
LH:4
BRDA:71,0,0,0
BRDA:71,0,1,0
BRDA:71,1,0,0
BRDA:71,1,1,0
BRDA:72,2,0,0
BRDA:72,2,1,0
BRF:6
BRH:0
end_of_record
TN:
SF:models\Product.js
FN:16,(anonymous_0)
FN:59,(anonymous_1)
FN:64,(anonymous_2)
FN:72,(anonymous_3)
FNF:4
FNH:2
FNDA:3,(anonymous_0)
FNDA:0,(anonymous_1)
FNDA:3,(anonymous_2)
FNDA:0,(anonymous_3)
DA:4,7
DA:16,3
DA:59,7
DA:60,0
DA:64,7
DA:65,3
DA:66,0
DA:68,3
DA:72,7
DA:73,0
DA:76,7
DA:77,7
DA:78,7
DA:80,7
LF:14
LH:11
BRDA:65,0,0,0
BRDA:65,0,1,3
BRDA:65,1,0,3
BRDA:65,1,1,3
BRF:4
BRH:3
end_of_record
TN:
SF:models\User.js
FN:42,(anonymous_0)
FN:48,(anonymous_1)
FN:51,(anonymous_2)
FN:52,(anonymous_3)
FNF:4
FNH:0
FNDA:0,(anonymous_0)
FNDA:0,(anonymous_1)
FNDA:0,(anonymous_2)
FNDA:0,(anonymous_3)
DA:5,7
DA:42,7
DA:43,0
DA:45,0
DA:46,0
DA:47,0
DA:48,0
DA:51,0
DA:52,0
DA:54,0
LF:10
LH:2
BRDA:43,0,0,0
BRDA:43,0,1,0
BRDA:46,1,0,0
BRDA:46,1,1,0
BRF:4
BRH:0
end_of_record
TN:
SF:routes\auth.js
FN:68,(anonymous_0)
FN:115,(anonymous_1)
FN:154,(anonymous_2)
FNF:3
FNH:0
FNDA:0,(anonymous_0)
FNDA:0,(anonymous_1)
FNDA:0,(anonymous_2)
DA:3,7
DA:68,7
DA:69,0
DA:70,0
DA:71,0
DA:72,0
DA:73,0
DA:74,0
DA:76,0
DA:115,7
DA:116,0
DA:117,0
DA:118,0
DA:119,0
DA:121,0
DA:122,0
DA:124,0
DA:127,0
DA:129,0
DA:154,7
DA:155,0
DA:156,0
DA:157,0
DA:158,0
DA:159,0
DA:161,0
LF:26
LH:4
BRDA:119,0,0,0
BRDA:119,0,1,0
BRDA:122,1,0,0
BRDA:122,1,1,0
BRF:4
BRH:0
end_of_record
TN:
SF:routes\orders.js
FN:43,(anonymous_0)
FNF:1
FNH:0
FNDA:0,(anonymous_0)
DA:8,7
DA:9,7
DA:18,7
DA:43,7
DA:44,0
DA:45,0
DA:50,0
DA:52,0
LF:8
LH:4
BRF:0
BRH:0
end_of_record
TN:
SF:routes\products.js
FN:15,(anonymous_0)
FN:73,(anonymous_1)
FN:151,(anonymous_2)
FNF:3
FNH:0
FNDA:0,(anonymous_0)
FNDA:0,(anonymous_1)
FNDA:0,(anonymous_2)
DA:4,7
DA:15,7
DA:16,0
DA:17,0
DA:22,0
DA:73,7
DA:74,0
DA:75,0
DA:77,0
DA:83,0
DA:85,0
DA:95,0
DA:151,7
DA:152,0
DA:153,0
DA:157,0
DA:158,0
DA:165,0
DA:172,0
DA:233,7
LF:20
LH:5
BRDA:16,0,0,0
BRDA:16,0,1,0
BRDA:75,1,0,0
BRDA:75,2,0,0
BRDA:75,3,0,0
BRDA:98,4,0,0
BRDA:98,4,1,0
BRDA:157,5,0,0
BRDA:157,5,1,0
BRDA:175,6,0,0
BRDA:175,6,1,0
BRF:11
BRH:0
end_of_record
TN:
SF:services\AuthService.js
FN:4,(anonymous_0)
FN:5,(anonymous_1)
FNF:2
FNH:0
FNDA:0,(anonymous_0)
FNDA:0,(anonymous_1)
LF:0
LH:0
BRF:0
BRH:0
end_of_record
TN:
SF:services\CacheService.js
FN:5,(anonymous_0)
FN:16,(anonymous_1)
FN:30,(anonymous_2)
FN:35,(anonymous_3)
FN:43,(anonymous_4)
FNF:5
FNH:0
FNDA:0,(anonymous_0)
FNDA:0,(anonymous_1)
FNDA:0,(anonymous_2)
FNDA:0,(anonymous_3)
FNDA:0,(anonymous_4)
DA:7,0
DA:8,0
DA:9,0
DA:12,0
DA:16,0
DA:17,0
DA:18,0
DA:22,0
DA:25,0
DA:26,0
DA:31,0
DA:32,0
DA:36,0
DA:44,0
DA:45,0
LF:15
LH:0
BRDA:5,0,0,0
BRDA:7,1,0,0
BRDA:7,1,1,0
BRDA:13,2,0,0
BRDA:13,2,1,0
BRDA:17,3,0,0
BRDA:17,3,1,0
BRDA:25,4,0,0
BRDA:25,4,1,0
BRDA:32,5,0,0
BRDA:32,5,1,0
BRDA:35,6,0,0
BRDA:43,7,0,0
BRDA:45,8,0,0
BRDA:45,8,1,0
BRF:15
BRH:0
end_of_record
TN:
SF:services\InventoryRepository.js
FN:3,(anonymous_0)
FNF:1
FNH:0
FNDA:0,(anonymous_0)
DA:5,0
LF:1
LH:0
BRF:0
BRH:0
end_of_record
TN:
SF:services\OrderService.js
FN:9,(anonymous_0)
FN:19,(anonymous_1)
FN:26,(anonymous_2)
FN:29,(anonymous_3)
FN:31,(anonymous_4)
FN:47,(anonymous_5)
FN:66,(anonymous_6)
FNF:7
FNH:0
FNDA:0,(anonymous_0)
FNDA:0,(anonymous_1)
FNDA:0,(anonymous_2)
FNDA:0,(anonymous_3)
FNDA:0,(anonymous_4)
FNDA:0,(anonymous_5)
FNDA:0,(anonymous_6)
DA:14,0
DA:15,0
DA:16,0
DA:20,0
DA:21,0
DA:23,0
DA:25,0
DA:26,0
DA:29,0
DA:30,0
DA:31,0
DA:34,0
DA:35,0
DA:38,0
DA:46,0
DA:47,0
DA:52,0
DA:61,0
DA:62,0
DA:63,0
DA:66,0
DA:67,0
DA:75,0
DA:81,0
DA:82,0
DA:85,0
DA:87,0
DA:89,0
DA:90,0
DA:92,0
LF:30
LH:0
BRDA:10,0,0,0
BRDA:11,1,0,0
BRDA:12,2,0,0
BRDA:34,3,0,0
BRDA:34,3,1,0
BRF:5
BRH:0
end_of_record
TN:
SF:services\PaymentService.js
FN:6,(anonymous_0)
FN:18,(anonymous_1)
FN:46,(anonymous_2)
FNF:3
FNH:0
FNDA:0,(anonymous_0)
FNDA:0,(anonymous_1)
FNDA:0,(anonymous_2)
DA:7,0
DA:19,0
DA:20,0
DA:22,0
DA:23,0
DA:30,0
DA:36,0
DA:47,0
DA:48,0
DA:53,0
DA:59,0
LF:11
LH:0
BRDA:18,0,0,0
BRDA:19,1,0,0
BRDA:19,1,1,0
BRF:3
BRH:0
end_of_record
TN:
SF:services\ProductService.js
FN:11,(anonymous_0)
FN:16,(anonymous_1)
FN:29,(anonymous_2)
FN:50,(anonymous_3)
FNF:4
FNH:0
FNDA:0,(anonymous_0)
FNDA:0,(anonymous_1)
FNDA:0,(anonymous_2)
FNDA:0,(anonymous_3)
DA:12,0
DA:13,0
DA:17,0
DA:19,0
DA:24,0
DA:25,0
DA:26,0
DA:30,0
DA:32,0
DA:33,0
DA:36,0
DA:37,0
DA:38,0
DA:41,0
DA:42,0
DA:44,0
DA:45,0
DA:47,0
DA:51,0
DA:52,0
DA:54,0
DA:56,0
DA:61,0
DA:66,0
DA:76,0
DA:77,0
LF:26
LH:0
BRDA:32,0,0,0
BRDA:32,0,1,0
BRDA:37,1,0,0
BRDA:37,1,1,0
BRDA:50,2,0,0
BRDA:50,3,0,0
BRDA:50,4,0,0
BRDA:54,5,0,0
BRDA:54,5,1,0
BRF:9
BRH:0
end_of_record
TN:
SF:utils\APIResponse.js
FN:19,(anonymous_0)
FN:33,(anonymous_1)
FNF:2
FNH:0
FNDA:0,(anonymous_0)
FNDA:0,(anonymous_1)
DA:20,0
DA:34,0
DA:42,0
DA:43,0
DA:50,0
LF:5
LH:0
BRDA:19,0,0,0
BRDA:22,1,0,0
BRDA:22,1,1,0
BRDA:33,2,0,0
BRDA:33,3,0,0
BRDA:42,4,0,0
BRDA:42,4,1,0
BRDA:42,5,0,0
BRDA:42,5,1,0
BRDA:46,6,0,0
BRDA:46,6,1,0
BRF:11
BRH:0
end_of_record
